# JRE version: Java(TM) SE Runtime Environment (8.0_91-b14) (build 1.8.0_91-b14)
# Java VM: Java HotSpot(TM) 64-Bit Server VM (25.91-b14 mixed mode linux-amd64 compressed oops)
Heap:
 PSYoungGen      total 36864K, used 5227K [0x00000000d7100000, 0x00000000db900000, 0x0000000100000000)
  eden space 31744K, 16% used [0x00000000d7100000,0x00000000d761ada8,0x00000000d9000000)
  from space 5120K, 0% used [0x00000000db400000,0x00000000db400000,0x00000000db900000)
  to   space 5120K, 0% used [0x00000000d9000000,0x00000000d9000000,0x00000000d9500000)
 ParOldGen       total 87552K, used 26825K [0x0000000085200000, 0x000000008a780000, 0x00000000d7100000)
  object space 87552K, 30% used [0x0000000085200000,0x0000000086c324e0,0x000000008a780000)
 Metaspace       used 21704K, capacity 22587K, committed 22784K, reserved 1069056K
  class space    used 3103K, capacity 3322K, committed 3328K, reserved 1048576K
GC Heap History (6 events):
Event: 0.862 GC heap before
{Heap before GC invocations=1 (full 0):
 PSYoungGen      total 36864K, used 31744K [0x00000000d7100000, 0x00000000d9a00000, 0x0000000100000000)
  eden space 31744K, 100% used [0x00000000d7100000,0x00000000d9000000,0x00000000d9000000)
  from space 5120K, 0% used [0x00000000d9500000,0x00000000d9500000,0x00000000d9a00000)
  to   space 5120K, 0% used [0x00000000d9000000,0x00000000d9000000,0x00000000d9500000)
 ParOldGen       total 84992K, used 0K [0x0000000085200000, 0x000000008a500000, 0x00000000d7100000)
  object space 84992K, 0% used [0x0000000085200000,0x0000000085200000,0x000000008a500000)
 Metaspace       used 11889K, capacity 12334K, committed 12544K, reserved 1060864K
  class space    used 1533K, capacity 1671K, committed 1792K, reserved 1048576K
Event: 0.871 GC heap after
Heap after GC invocations=1 (full 0):
 PSYoungGen      total 36864K, used 4959K [0x00000000d7100000, 0x00000000db900000, 0x0000000100000000)
  eden space 31744K, 0% used [0x00000000d7100000,0x00000000d7100000,0x00000000d9000000)
  from space 5120K, 96% used [0x00000000d9000000,0x00000000d94d7f60,0x00000000d9500000)
  to   space 5120K, 0% used [0x00000000db400000,0x00000000db400000,0x00000000db900000)
 ParOldGen       total 84992K, used 16K [0x0000000085200000, 0x000000008a500000, 0x00000000d7100000)
  object space 84992K, 0% used [0x0000000085200000,0x0000000085204000,0x000000008a500000)
 Metaspace       used 11889K, capacity 12334K, committed 12544K, reserved 1060864K
  class space    used 1533K, capacity 1671K, committed 1792K, reserved 1048576K
}
Event: 3.352 GC heap before
{Heap before GC invocations=2 (full 0):
 PSYoungGen      total 36864K, used 34330K [0x00000000d7100000, 0x00000000db900000, 0x0000000100000000)
  eden space 31744K, 92% used [0x00000000d7100000,0x00000000d8daec78,0x00000000d9000000)
  from space 5120K, 96% used [0x00000000d9000000,0x00000000d94d7f60,0x00000000d9500000)
  to   space 5120K, 0% used [0x00000000db400000,0x00000000db400000,0x00000000db900000)
 ParOldGen       total 84992K, used 17594K [0x0000000085200000, 0x000000008a500000, 0x00000000d7100000)
  object space 84992K, 20% used [0x0000000085200000,0x000000008632e890,0x000000008a500000)
 Metaspace       used 20525K, capacity 21253K, committed 21296K, reserved 1067008K
  class space    used 2877K, capacity 3072K, committed 3072K, reserved 1048576K
Event: 3.361 GC heap after
Heap after GC invocations=2 (full 0):
 PSYoungGen      total 36864K, used 5092K [0x00000000d7100000, 0x00000000db900000, 0x0000000100000000)
  eden space 31744K, 0% used [0x00000000d7100000,0x00000000d7100000,0x00000000d9000000)
  from space 5120K, 99% used [0x00000000db400000,0x00000000db8f92a8,0x00000000db900000)
  to   space 5120K, 0% used [0x00000000d9000000,0x00000000d9000000,0x00000000d9500000)
 ParOldGen       total 84992K, used 21868K [0x0000000085200000, 0x000000008a500000, 0x00000000d7100000)
  object space 84992K, 25% used [0x0000000085200000,0x000000008675b338,0x000000008a500000)
 Metaspace       used 20525K, capacity 21253K, committed 21296K, reserved 1067008K
  class space    used 2877K, capacity 3072K, committed 3072K, reserved 1048576K
}
Event: 3.361 GC heap before
{Heap before GC invocations=3 (full 1):
 PSYoungGen      total 36864K, used 5092K [0x00000000d7100000, 0x00000000db900000, 0x0000000100000000)
  eden space 31744K, 0% used [0x00000000d7100000,0x00000000d7100000,0x00000000d9000000)
  from space 5120K, 99% used [0x00000000db400000,0x00000000db8f92a8,0x00000000db900000)
  to   space 5120K, 0% used [0x00000000d9000000,0x00000000d9000000,0x00000000d9500000)
 ParOldGen       total 84992K, used 21868K [0x0000000085200000, 0x000000008a500000, 0x00000000d7100000)
  object space 84992K, 25% used [0x0000000085200000,0x000000008675b338,0x000000008a500000)
 Metaspace       used 20525K, capacity 21253K, committed 21296K, reserved 1067008K
  class space    used 2877K, capacity 3072K, committed 3072K, reserved 1048576K
Event: 3.403 GC heap after
Heap after GC invocations=3 (full 1):
 PSYoungGen      total 36864K, used 0K [0x00000000d7100000, 0x00000000db900000, 0x0000000100000000)
  eden space 31744K, 0% used [0x00000000d7100000,0x00000000d7100000,0x00000000d9000000)
  from space 5120K, 0% used [0x00000000db400000,0x00000000db400000,0x00000000db900000)
  to   space 5120K, 0% used [0x00000000d9000000,0x00000000d9000000,0x00000000d9500000)
 ParOldGen       total 87552K, used 26825K [0x0000000085200000, 0x000000008a780000, 0x00000000d7100000)
  object space 87552K, 30% used [0x0000000085200000,0x0000000086c324e0,0x000000008a780000)
 Metaspace       used 20525K, capacity 21253K, committed 21296K, reserved 1067008K
  class space    used 2877K, capacity 3072K, committed 3072K, reserved 1048576K
}

