# JRE version: Java(TM) SE Runtime Environment (8.0_91-b14) (build 1.8.0_91-b14)
# Java VM: Java HotSpot(TM) 64-Bit Server VM (25.91-b14 mixed mode linux-amd64 compressed oops)
Heap:
 PSYoungGen      total 36864K, used 5827K [0x00000000d7100000, 0x00000000db900000, 0x0000000100000000)
  eden space 31744K, 18% used [0x00000000d7100000,0x00000000d76b0fd0,0x00000000d9000000)
  from space 5120K, 0% used [0x00000000d9000000,0x00000000d9000000,0x00000000d9500000)
  to   space 5120K, 0% used [0x00000000db400000,0x00000000db400000,0x00000000db900000)
 ParOldGen       total 50688K, used 8133K [0x0000000085200000, 0x0000000088380000, 0x00000000d7100000)
  object space 50688K, 16% used [0x0000000085200000,0x00000000859f1580,0x0000000088380000)
 Metaspace       used 21726K, capacity 22532K, committed 22784K, reserved 1069056K
  class space    used 3045K, capacity 3234K, committed 3328K, reserved 1048576K
GC Heap History (8 events):
Event: 1.116 GC heap before
{Heap before GC invocations=1 (full 0):
 PSYoungGen      total 36864K, used 31744K [0x00000000d7100000, 0x00000000d9a00000, 0x0000000100000000)
  eden space 31744K, 100% used [0x00000000d7100000,0x00000000d9000000,0x00000000d9000000)
  from space 5120K, 0% used [0x00000000d9500000,0x00000000d9500000,0x00000000d9a00000)
  to   space 5120K, 0% used [0x00000000d9000000,0x00000000d9000000,0x00000000d9500000)
 ParOldGen       total 84992K, used 0K [0x0000000085200000, 0x000000008a500000, 0x00000000d7100000)
  object space 84992K, 0% used [0x0000000085200000,0x0000000085200000,0x000000008a500000)
 Metaspace       used 12965K, capacity 13596K, committed 13824K, reserved 1060864K
  class space    used 1791K, capacity 1998K, committed 2048K, reserved 1048576K
Event: 1.135 GC heap after
Heap after GC invocations=1 (full 0):
 PSYoungGen      total 36864K, used 4338K [0x00000000d7100000, 0x00000000db900000, 0x0000000100000000)
  eden space 31744K, 0% used [0x00000000d7100000,0x00000000d7100000,0x00000000d9000000)
  from space 5120K, 84% used [0x00000000d9000000,0x00000000d943cad8,0x00000000d9500000)
  to   space 5120K, 0% used [0x00000000db400000,0x00000000db400000,0x00000000db900000)
 ParOldGen       total 84992K, used 8K [0x0000000085200000, 0x000000008a500000, 0x00000000d7100000)
  object space 84992K, 0% used [0x0000000085200000,0x0000000085202000,0x000000008a500000)
 Metaspace       used 12965K, capacity 13596K, committed 13824K, reserved 1060864K
  class space    used 1791K, capacity 1998K, committed 2048K, reserved 1048576K
}
Event: 4.133 GC heap before
{Heap before GC invocations=2 (full 0):
 PSYoungGen      total 36864K, used 36082K [0x00000000d7100000, 0x00000000db900000, 0x0000000100000000)
  eden space 31744K, 100% used [0x00000000d7100000,0x00000000d9000000,0x00000000d9000000)
  from space 5120K, 84% used [0x00000000d9000000,0x00000000d943cad8,0x00000000d9500000)
  to   space 5120K, 0% used [0x00000000db400000,0x00000000db400000,0x00000000db900000)
 ParOldGen       total 84992K, used 8K [0x0000000085200000, 0x000000008a500000, 0x00000000d7100000)
  object space 84992K, 0% used [0x0000000085200000,0x0000000085202000,0x000000008a500000)
 Metaspace       used 20042K, capacity 20756K, committed 20864K, reserved 1067008K
  class space    used 2739K, capacity 2912K, committed 2944K, reserved 1048576K
Event: 4.142 GC heap after
Heap after GC invocations=2 (full 0):
 PSYoungGen      total 36864K, used 5104K [0x00000000d7100000, 0x00000000db900000, 0x0000000100000000)
  eden space 31744K, 0% used [0x00000000d7100000,0x00000000d7100000,0x00000000d9000000)
  from space 5120K, 99% used [0x00000000db400000,0x00000000db8fc068,0x00000000db900000)
  to   space 5120K, 0% used [0x00000000d9000000,0x00000000d9000000,0x00000000d9500000)
 ParOldGen       total 84992K, used 5522K [0x0000000085200000, 0x000000008a500000, 0x00000000d7100000)
  object space 84992K, 6% used [0x0000000085200000,0x00000000857648d0,0x000000008a500000)
 Metaspace       used 20042K, capacity 20756K, committed 20864K, reserved 1067008K
  class space    used 2739K, capacity 2912K, committed 2944K, reserved 1048576K
}
Event: 4.172 GC heap before
{Heap before GC invocations=3 (full 0):
 PSYoungGen      total 36864K, used 6758K [0x00000000d7100000, 0x00000000db900000, 0x0000000100000000)
  eden space 31744K, 5% used [0x00000000d7100000,0x00000000d729d7a0,0x00000000d9000000)
  from space 5120K, 99% used [0x00000000db400000,0x00000000db8fc068,0x00000000db900000)
  to   space 5120K, 0% used [0x00000000d9000000,0x00000000d9000000,0x00000000d9500000)
 ParOldGen       total 84992K, used 5522K [0x0000000085200000, 0x000000008a500000, 0x00000000d7100000)
  object space 84992K, 6% used [0x0000000085200000,0x00000000857648d0,0x000000008a500000)
 Metaspace       used 20445K, capacity 21110K, committed 21248K, reserved 1067008K
  class space    used 2813K, capacity 2983K, committed 3072K, reserved 1048576K
Event: 4.176 GC heap after
Heap after GC invocations=3 (full 0):
 PSYoungGen      total 36864K, used 5088K [0x00000000d7100000, 0x00000000db900000, 0x0000000100000000)
  eden space 31744K, 0% used [0x00000000d7100000,0x00000000d7100000,0x00000000d9000000)
  from space 5120K, 99% used [0x00000000d9000000,0x00000000d94f8078,0x00000000d9500000)
  to   space 5120K, 0% used [0x00000000db400000,0x00000000db400000,0x00000000db900000)
 ParOldGen       total 84992K, used 5666K [0x0000000085200000, 0x000000008a500000, 0x00000000d7100000)
  object space 84992K, 6% used [0x0000000085200000,0x00000000857888d0,0x000000008a500000)
 Metaspace       used 20445K, capacity 21110K, committed 21248K, reserved 1067008K
  class space    used 2813K, capacity 2983K, committed 3072K, reserved 1048576K
}
Event: 4.176 GC heap before
{Heap before GC invocations=4 (full 1):
 PSYoungGen      total 36864K, used 5088K [0x00000000d7100000, 0x00000000db900000, 0x0000000100000000)
  eden space 31744K, 0% used [0x00000000d7100000,0x00000000d7100000,0x00000000d9000000)
  from space 5120K, 99% used [0x00000000d9000000,0x00000000d94f8078,0x00000000d9500000)
  to   space 5120K, 0% used [0x00000000db400000,0x00000000db400000,0x00000000db900000)
 ParOldGen       total 84992K, used 5666K [0x0000000085200000, 0x000000008a500000, 0x00000000d7100000)
  object space 84992K, 6% used [0x0000000085200000,0x00000000857888d0,0x000000008a500000)
 Metaspace       used 20445K, capacity 21110K, committed 21248K, reserved 1067008K
  class space    used 2813K, capacity 2983K, committed 3072K, reserved 1048576K
Event: 4.202 GC heap after
Heap after GC invocations=4 (full 1):
 PSYoungGen      total 36864K, used 0K [0x00000000d7100000, 0x00000000db900000, 0x0000000100000000)
  eden space 31744K, 0% used [0x00000000d7100000,0x00000000d7100000,0x00000000d9000000)
  from space 5120K, 0% used [0x00000000d9000000,0x00000000d9000000,0x00000000d9500000)
  to   space 5120K, 0% used [0x00000000db400000,0x00000000db400000,0x00000000db900000)
 ParOldGen       total 50688K, used 8133K [0x0000000085200000, 0x0000000088380000, 0x00000000d7100000)
  object space 50688K, 16% used [0x0000000085200000,0x00000000859f1580,0x0000000088380000)
 Metaspace       used 20445K, capacity 21110K, committed 21248K, reserved 1067008K
  class space    used 2813K, capacity 2983K, committed 3072K, reserved 1048576K
}

