# JRE version: Java(TM) SE Runtime Environment (8.0_91-b14) (build 1.8.0_91-b14)
# Java VM: Java HotSpot(TM) 64-Bit Server VM (25.91-b14 mixed mode linux-amd64 compressed oops)
Heap:
 PSYoungGen      total 36864K, used 5126K [0x00000000d7100000, 0x00000000db900000, 0x0000000100000000)
  eden space 31744K, 16% used [0x00000000d7100000,0x00000000d7601aa0,0x00000000d9000000)
  from space 5120K, 0% used [0x00000000db400000,0x00000000db400000,0x00000000db900000)
  to   space 5120K, 0% used [0x00000000d9000000,0x00000000d9000000,0x00000000d9500000)
 ParOldGen       total 83968K, used 26823K [0x0000000085200000, 0x000000008a400000, 0x00000000d7100000)
  object space 83968K, 31% used [0x0000000085200000,0x0000000086c31f00,0x000000008a400000)
 Metaspace       used 21766K, capacity 22589K, committed 22784K, reserved 1069056K
  class space    used 3107K, capacity 3323K, committed 3328K, reserved 1048576K
GC Heap History (6 events):
Event: 1.131 GC heap before
{Heap before GC invocations=1 (full 0):
 PSYoungGen      total 36864K, used 31744K [0x00000000d7100000, 0x00000000d9a00000, 0x0000000100000000)
  eden space 31744K, 100% used [0x00000000d7100000,0x00000000d9000000,0x00000000d9000000)
  from space 5120K, 0% used [0x00000000d9500000,0x00000000d9500000,0x00000000d9a00000)
  to   space 5120K, 0% used [0x00000000d9000000,0x00000000d9000000,0x00000000d9500000)
 ParOldGen       total 84992K, used 0K [0x0000000085200000, 0x000000008a500000, 0x00000000d7100000)
  object space 84992K, 0% used [0x0000000085200000,0x0000000085200000,0x000000008a500000)
 Metaspace       used 11870K, capacity 12266K, committed 12544K, reserved 1060864K
  class space    used 1534K, capacity 1671K, committed 1792K, reserved 1048576K
Event: 1.149 GC heap after
Heap after GC invocations=1 (full 0):
 PSYoungGen      total 36864K, used 4959K [0x00000000d7100000, 0x00000000db900000, 0x0000000100000000)
  eden space 31744K, 0% used [0x00000000d7100000,0x00000000d7100000,0x00000000d9000000)
  from space 5120K, 96% used [0x00000000d9000000,0x00000000d94d7d40,0x00000000d9500000)
  to   space 5120K, 0% used [0x00000000db400000,0x00000000db400000,0x00000000db900000)
 ParOldGen       total 84992K, used 8K [0x0000000085200000, 0x000000008a500000, 0x00000000d7100000)
  object space 84992K, 0% used [0x0000000085200000,0x0000000085202000,0x000000008a500000)
 Metaspace       used 11870K, capacity 12266K, committed 12544K, reserved 1060864K
  class space    used 1534K, capacity 1671K, committed 1792K, reserved 1048576K
}
Event: 5.023 GC heap before
{Heap before GC invocations=2 (full 0):
 PSYoungGen      total 36864K, used 34551K [0x00000000d7100000, 0x00000000db900000, 0x0000000100000000)
  eden space 31744K, 93% used [0x00000000d7100000,0x00000000d8de6190,0x00000000d9000000)
  from space 5120K, 96% used [0x00000000d9000000,0x00000000d94d7d40,0x00000000d9500000)
  to   space 5120K, 0% used [0x00000000db400000,0x00000000db400000,0x00000000db900000)
 ParOldGen       total 84992K, used 17586K [0x0000000085200000, 0x000000008a500000, 0x00000000d7100000)
  object space 84992K, 20% used [0x0000000085200000,0x000000008632c890,0x000000008a500000)
 Metaspace       used 20529K, capacity 21249K, committed 21296K, reserved 1067008K
  class space    used 2877K, capacity 3072K, committed 3072K, reserved 1048576K
Event: 5.032 GC heap after
Heap after GC invocations=2 (full 0):
 PSYoungGen      total 36864K, used 5107K [0x00000000d7100000, 0x00000000db900000, 0x0000000100000000)
  eden space 31744K, 0% used [0x00000000d7100000,0x00000000d7100000,0x00000000d9000000)
  from space 5120K, 99% used [0x00000000db400000,0x00000000db8fcfb0,0x00000000db900000)
  to   space 5120K, 0% used [0x00000000d9000000,0x00000000d9000000,0x00000000d9500000)
 ParOldGen       total 84992K, used 21851K [0x0000000085200000, 0x000000008a500000, 0x00000000d7100000)
  object space 84992K, 25% used [0x0000000085200000,0x0000000086756d78,0x000000008a500000)
 Metaspace       used 20529K, capacity 21249K, committed 21296K, reserved 1067008K
  class space    used 2877K, capacity 3072K, committed 3072K, reserved 1048576K
}
Event: 5.032 GC heap before
{Heap before GC invocations=3 (full 1):
 PSYoungGen      total 36864K, used 5107K [0x00000000d7100000, 0x00000000db900000, 0x0000000100000000)
  eden space 31744K, 0% used [0x00000000d7100000,0x00000000d7100000,0x00000000d9000000)
  from space 5120K, 99% used [0x00000000db400000,0x00000000db8fcfb0,0x00000000db900000)
  to   space 5120K, 0% used [0x00000000d9000000,0x00000000d9000000,0x00000000d9500000)
 ParOldGen       total 84992K, used 21851K [0x0000000085200000, 0x000000008a500000, 0x00000000d7100000)
  object space 84992K, 25% used [0x0000000085200000,0x0000000086756d78,0x000000008a500000)
 Metaspace       used 20529K, capacity 21249K, committed 21296K, reserved 1067008K
  class space    used 2877K, capacity 3072K, committed 3072K, reserved 1048576K
Event: 5.080 GC heap after
Heap after GC invocations=3 (full 1):
 PSYoungGen      total 36864K, used 0K [0x00000000d7100000, 0x00000000db900000, 0x0000000100000000)
  eden space 31744K, 0% used [0x00000000d7100000,0x00000000d7100000,0x00000000d9000000)
  from space 5120K, 0% used [0x00000000db400000,0x00000000db400000,0x00000000db900000)
  to   space 5120K, 0% used [0x00000000d9000000,0x00000000d9000000,0x00000000d9500000)
 ParOldGen       total 83968K, used 26823K [0x0000000085200000, 0x000000008a400000, 0x00000000d7100000)
  object space 83968K, 31% used [0x0000000085200000,0x0000000086c31f00,0x000000008a400000)
 Metaspace       used 20529K, capacity 21249K, committed 21296K, reserved 1067008K
  class space    used 2877K, capacity 3072K, committed 3072K, reserved 1048576K
}

