# JRE version: Java(TM) SE Runtime Environment (8.0_91-b14) (build 1.8.0_91-b14)
# Java VM: Java HotSpot(TM) 64-Bit Server VM (25.91-b14 mixed mode linux-amd64 compressed oops)
Heap:
 PSYoungGen      total 36864K, used 5525K [0x00000000d7100000, 0x00000000db900000, 0x0000000100000000)
  eden space 31744K, 17% used [0x00000000d7100000,0x00000000d7665708,0x00000000d9000000)
  from space 5120K, 0% used [0x00000000d9000000,0x00000000d9000000,0x00000000d9500000)
  to   space 5120K, 0% used [0x00000000db400000,0x00000000db400000,0x00000000db900000)
 ParOldGen       total 54784K, used 10595K [0x0000000085200000, 0x0000000088780000, 0x00000000d7100000)
  object space 54784K, 19% used [0x0000000085200000,0x0000000085c58c40,0x0000000088780000)
 Metaspace       used 21694K, capacity 22492K, committed 22784K, reserved 1069056K
  class space    used 3039K, capacity 3224K, committed 3328K, reserved 1048576K
GC Heap History (8 events):
Event: 1.237 GC heap before
{Heap before GC invocations=1 (full 0):
 PSYoungGen      total 36864K, used 31744K [0x00000000d7100000, 0x00000000d9a00000, 0x0000000100000000)
  eden space 31744K, 100% used [0x00000000d7100000,0x00000000d9000000,0x00000000d9000000)
  from space 5120K, 0% used [0x00000000d9500000,0x00000000d9500000,0x00000000d9a00000)
  to   space 5120K, 0% used [0x00000000d9000000,0x00000000d9000000,0x00000000d9500000)
 ParOldGen       total 84992K, used 0K [0x0000000085200000, 0x000000008a500000, 0x00000000d7100000)
  object space 84992K, 0% used [0x0000000085200000,0x0000000085200000,0x000000008a500000)
 Metaspace       used 12950K, capacity 13580K, committed 13824K, reserved 1060864K
  class space    used 1791K, capacity 1998K, committed 2048K, reserved 1048576K
Event: 1.250 GC heap after
Heap after GC invocations=1 (full 0):
 PSYoungGen      total 36864K, used 4338K [0x00000000d7100000, 0x00000000db900000, 0x0000000100000000)
  eden space 31744K, 0% used [0x00000000d7100000,0x00000000d7100000,0x00000000d9000000)
  from space 5120K, 84% used [0x00000000d9000000,0x00000000d943cad8,0x00000000d9500000)
  to   space 5120K, 0% used [0x00000000db400000,0x00000000db400000,0x00000000db900000)
 ParOldGen       total 84992K, used 8K [0x0000000085200000, 0x000000008a500000, 0x00000000d7100000)
  object space 84992K, 0% used [0x0000000085200000,0x0000000085202000,0x000000008a500000)
 Metaspace       used 12950K, capacity 13580K, committed 13824K, reserved 1060864K
  class space    used 1791K, capacity 1998K, committed 2048K, reserved 1048576K
}
Event: 5.599 GC heap before
{Heap before GC invocations=2 (full 0):
 PSYoungGen      total 36864K, used 36082K [0x00000000d7100000, 0x00000000db900000, 0x0000000100000000)
  eden space 31744K, 100% used [0x00000000d7100000,0x00000000d9000000,0x00000000d9000000)
  from space 5120K, 84% used [0x00000000d9000000,0x00000000d943cad8,0x00000000d9500000)
  to   space 5120K, 0% used [0x00000000db400000,0x00000000db400000,0x00000000db900000)
 ParOldGen       total 84992K, used 8K [0x0000000085200000, 0x000000008a500000, 0x00000000d7100000)
  object space 84992K, 0% used [0x0000000085200000,0x0000000085202000,0x000000008a500000)
 Metaspace       used 20032K, capacity 20712K, committed 20864K, reserved 1067008K
  class space    used 2735K, capacity 2902K, committed 2944K, reserved 1048576K
Event: 5.609 GC heap after
Heap after GC invocations=2 (full 0):
 PSYoungGen      total 36864K, used 5088K [0x00000000d7100000, 0x00000000db900000, 0x0000000100000000)
  eden space 31744K, 0% used [0x00000000d7100000,0x00000000d7100000,0x00000000d9000000)
  from space 5120K, 99% used [0x00000000db400000,0x00000000db8f8058,0x00000000db900000)
  to   space 5120K, 0% used [0x00000000d9000000,0x00000000d9000000,0x00000000d9500000)
 ParOldGen       total 84992K, used 5518K [0x0000000085200000, 0x000000008a500000, 0x00000000d7100000)
  object space 84992K, 6% used [0x0000000085200000,0x0000000085763bb0,0x000000008a500000)
 Metaspace       used 20032K, capacity 20712K, committed 20864K, reserved 1067008K
  class space    used 2735K, capacity 2902K, committed 2944K, reserved 1048576K
}
Event: 5.647 GC heap before
{Heap before GC invocations=3 (full 0):
 PSYoungGen      total 36864K, used 7206K [0x00000000d7100000, 0x00000000db900000, 0x0000000100000000)
  eden space 31744K, 6% used [0x00000000d7100000,0x00000000d7311880,0x00000000d9000000)
  from space 5120K, 99% used [0x00000000db400000,0x00000000db8f8058,0x00000000db900000)
  to   space 5120K, 0% used [0x00000000d9000000,0x00000000d9000000,0x00000000d9500000)
 ParOldGen       total 84992K, used 5518K [0x0000000085200000, 0x000000008a500000, 0x00000000d7100000)
  object space 84992K, 6% used [0x0000000085200000,0x0000000085763bb0,0x000000008a500000)
 Metaspace       used 20526K, capacity 21204K, committed 21296K, reserved 1067008K
  class space    used 2828K, capacity 3012K, committed 3072K, reserved 1048576K
Event: 5.652 GC heap after
Heap after GC invocations=3 (full 0):
 PSYoungGen      total 36864K, used 5088K [0x00000000d7100000, 0x00000000db900000, 0x0000000100000000)
  eden space 31744K, 0% used [0x00000000d7100000,0x00000000d7100000,0x00000000d9000000)
  from space 5120K, 99% used [0x00000000d9000000,0x00000000d94f8058,0x00000000d9500000)
  to   space 5120K, 0% used [0x00000000db400000,0x00000000db400000,0x00000000db900000)
 ParOldGen       total 84992K, used 5742K [0x0000000085200000, 0x000000008a500000, 0x00000000d7100000)
  object space 84992K, 6% used [0x0000000085200000,0x000000008579bbc0,0x000000008a500000)
 Metaspace       used 20526K, capacity 21204K, committed 21296K, reserved 1067008K
  class space    used 2828K, capacity 3012K, committed 3072K, reserved 1048576K
}
Event: 5.652 GC heap before
{Heap before GC invocations=4 (full 1):
 PSYoungGen      total 36864K, used 5088K [0x00000000d7100000, 0x00000000db900000, 0x0000000100000000)
  eden space 31744K, 0% used [0x00000000d7100000,0x00000000d7100000,0x00000000d9000000)
  from space 5120K, 99% used [0x00000000d9000000,0x00000000d94f8058,0x00000000d9500000)
  to   space 5120K, 0% used [0x00000000db400000,0x00000000db400000,0x00000000db900000)
 ParOldGen       total 84992K, used 5742K [0x0000000085200000, 0x000000008a500000, 0x00000000d7100000)
  object space 84992K, 6% used [0x0000000085200000,0x000000008579bbc0,0x000000008a500000)
 Metaspace       used 20526K, capacity 21204K, committed 21296K, reserved 1067008K
  class space    used 2828K, capacity 3012K, committed 3072K, reserved 1048576K
Event: 5.696 GC heap after
Heap after GC invocations=4 (full 1):
 PSYoungGen      total 36864K, used 0K [0x00000000d7100000, 0x00000000db900000, 0x0000000100000000)
  eden space 31744K, 0% used [0x00000000d7100000,0x00000000d7100000,0x00000000d9000000)
  from space 5120K, 0% used [0x00000000d9000000,0x00000000d9000000,0x00000000d9500000)
  to   space 5120K, 0% used [0x00000000db400000,0x00000000db400000,0x00000000db900000)
 ParOldGen       total 54784K, used 10595K [0x0000000085200000, 0x0000000088780000, 0x00000000d7100000)
  object space 54784K, 19% used [0x0000000085200000,0x0000000085c58c40,0x0000000088780000)
 Metaspace       used 20526K, capacity 21204K, committed 21296K, reserved 1067008K
  class space    used 2828K, capacity 3012K, committed 3072K, reserved 1048576K
}

