# JRE version: Java(TM) SE Runtime Environment (8.0_91-b14) (build 1.8.0_91-b14)
# Java VM: Java HotSpot(TM) 64-Bit Server VM (25.91-b14 mixed mode linux-amd64 compressed oops)
Heap:
 PSYoungGen      total 36864K, used 5250K [0x00000000d7100000, 0x00000000d9a00000, 0x0000000100000000)
  eden space 31744K, 16% used [0x00000000d7100000,0x00000000d7620830,0x00000000d9000000)
  from space 5120K, 0% used [0x00000000d9500000,0x00000000d9500000,0x00000000d9a00000)
  to   space 5120K, 0% used [0x00000000d9000000,0x00000000d9000000,0x00000000d9500000)
 ParOldGen       total 85504K, used 26798K [0x0000000085200000, 0x000000008a580000, 0x00000000d7100000)
  object space 85504K, 31% used [0x0000000085200000,0x0000000086c2b830,0x000000008a580000)
 Metaspace       used 21629K, capacity 22466K, committed 22528K, reserved 1069056K
  class space    used 3100K, capacity 3321K, committed 3328K, reserved 1048576K
GC Heap History (6 events):
Event: 0.904 GC heap before
{Heap before GC invocations=1 (full 0):
 PSYoungGen      total 36864K, used 31744K [0x00000000d7100000, 0x00000000d9a00000, 0x0000000100000000)
  eden space 31744K, 100% used [0x00000000d7100000,0x00000000d9000000,0x00000000d9000000)
  from space 5120K, 0% used [0x00000000d9500000,0x00000000d9500000,0x00000000d9a00000)
  to   space 5120K, 0% used [0x00000000d9000000,0x00000000d9000000,0x00000000d9500000)
 ParOldGen       total 84992K, used 0K [0x0000000085200000, 0x000000008a500000, 0x00000000d7100000)
  object space 84992K, 0% used [0x0000000085200000,0x0000000085200000,0x000000008a500000)
 Metaspace       used 11863K, capacity 12278K, committed 12544K, reserved 1060864K
  class space    used 1533K, capacity 1671K, committed 1792K, reserved 1048576K
Event: 0.912 GC heap after
Heap after GC invocations=1 (full 0):
 PSYoungGen      total 36864K, used 4959K [0x00000000d7100000, 0x00000000d9a00000, 0x0000000100000000)
  eden space 31744K, 0% used [0x00000000d7100000,0x00000000d7100000,0x00000000d9000000)
  from space 5120K, 96% used [0x00000000d9000000,0x00000000d94d7d40,0x00000000d9500000)
  to   space 5120K, 0% used [0x00000000d9500000,0x00000000d9500000,0x00000000d9a00000)
 ParOldGen       total 84992K, used 8K [0x0000000085200000, 0x000000008a500000, 0x00000000d7100000)
  object space 84992K, 0% used [0x0000000085200000,0x0000000085202000,0x000000008a500000)
 Metaspace       used 11863K, capacity 12278K, committed 12544K, reserved 1060864K
  class space    used 1533K, capacity 1671K, committed 1792K, reserved 1048576K
}
Event: 7.060 GC heap before
{Heap before GC invocations=2 (full 0):
 PSYoungGen      total 36864K, used 34294K [0x00000000d7100000, 0x00000000d9a00000, 0x0000000100000000)
  eden space 31744K, 92% used [0x00000000d7100000,0x00000000d8da5e58,0x00000000d9000000)
  from space 5120K, 96% used [0x00000000d9000000,0x00000000d94d7d40,0x00000000d9500000)
  to   space 5120K, 0% used [0x00000000d9500000,0x00000000d9500000,0x00000000d9a00000)
 ParOldGen       total 84992K, used 17586K [0x0000000085200000, 0x000000008a500000, 0x00000000d7100000)
  object space 84992K, 20% used [0x0000000085200000,0x000000008632c890,0x000000008a500000)
 Metaspace       used 20473K, capacity 21184K, committed 21248K, reserved 1067008K
  class space    used 2871K, capacity 3070K, committed 3072K, reserved 1048576K
Event: 7.068 GC heap after
Heap after GC invocations=2 (full 0):
 PSYoungGen      total 36864K, used 5091K [0x00000000d7100000, 0x00000000d9a00000, 0x0000000100000000)
  eden space 31744K, 0% used [0x00000000d7100000,0x00000000d7100000,0x00000000d9000000)
  from space 5120K, 99% used [0x00000000d9500000,0x00000000d99f8fa0,0x00000000d9a00000)
  to   space 5120K, 0% used [0x00000000d9000000,0x00000000d9000000,0x00000000d9500000)
 ParOldGen       total 84992K, used 21826K [0x0000000085200000, 0x000000008a500000, 0x00000000d7100000)
  object space 84992K, 25% used [0x0000000085200000,0x0000000086750a60,0x000000008a500000)
 Metaspace       used 20473K, capacity 21184K, committed 21248K, reserved 1067008K
  class space    used 2871K, capacity 3070K, committed 3072K, reserved 1048576K
}
Event: 7.068 GC heap before
{Heap before GC invocations=3 (full 1):
 PSYoungGen      total 36864K, used 5091K [0x00000000d7100000, 0x00000000d9a00000, 0x0000000100000000)
  eden space 31744K, 0% used [0x00000000d7100000,0x00000000d7100000,0x00000000d9000000)
  from space 5120K, 99% used [0x00000000d9500000,0x00000000d99f8fa0,0x00000000d9a00000)
  to   space 5120K, 0% used [0x00000000d9000000,0x00000000d9000000,0x00000000d9500000)
 ParOldGen       total 84992K, used 21826K [0x0000000085200000, 0x000000008a500000, 0x00000000d7100000)
  object space 84992K, 25% used [0x0000000085200000,0x0000000086750a60,0x000000008a500000)
 Metaspace       used 20473K, capacity 21184K, committed 21248K, reserved 1067008K
  class space    used 2871K, capacity 3070K, committed 3072K, reserved 1048576K
Event: 7.111 GC heap after
Heap after GC invocations=3 (full 1):
 PSYoungGen      total 36864K, used 0K [0x00000000d7100000, 0x00000000d9a00000, 0x0000000100000000)
  eden space 31744K, 0% used [0x00000000d7100000,0x00000000d7100000,0x00000000d9000000)
  from space 5120K, 0% used [0x00000000d9500000,0x00000000d9500000,0x00000000d9a00000)
  to   space 5120K, 0% used [0x00000000d9000000,0x00000000d9000000,0x00000000d9500000)
 ParOldGen       total 85504K, used 26798K [0x0000000085200000, 0x000000008a580000, 0x00000000d7100000)
  object space 85504K, 31% used [0x0000000085200000,0x0000000086c2b830,0x000000008a580000)
 Metaspace       used 20473K, capacity 21184K, committed 21248K, reserved 1067008K
  class space    used 2871K, capacity 3070K, committed 3072K, reserved 1048576K
}

