# JRE version: Java(TM) SE Runtime Environment (8.0_91-b14) (build 1.8.0_91-b14)
# Java VM: Java HotSpot(TM) 64-Bit Server VM (25.91-b14 mixed mode linux-amd64 compressed oops)
Heap:
 PSYoungGen      total 36864K, used 4073K [0x00000000d7100000, 0x00000000db900000, 0x0000000100000000)
  eden space 31744K, 12% used [0x00000000d7100000,0x00000000d74fa698,0x00000000d9000000)
  from space 5120K, 0% used [0x00000000db400000,0x00000000db400000,0x00000000db900000)
  to   space 5120K, 0% used [0x00000000d9000000,0x00000000d9000000,0x00000000d9500000)
 ParOldGen       total 85504K, used 26819K [0x0000000085200000, 0x000000008a580000, 0x00000000d7100000)
  object space 85504K, 31% used [0x0000000085200000,0x0000000086c30ec8,0x000000008a580000)
 Metaspace       used 21643K, capacity 22459K, committed 22528K, reserved 1069056K
  class space    used 3102K, capacity 3322K, committed 3328K, reserved 1048576K
GC Heap History (6 events):
Event: 1.149 GC heap before
{Heap before GC invocations=1 (full 0):
 PSYoungGen      total 36864K, used 31744K [0x00000000d7100000, 0x00000000d9a00000, 0x0000000100000000)
  eden space 31744K, 100% used [0x00000000d7100000,0x00000000d9000000,0x00000000d9000000)
  from space 5120K, 0% used [0x00000000d9500000,0x00000000d9500000,0x00000000d9a00000)
  to   space 5120K, 0% used [0x00000000d9000000,0x00000000d9000000,0x00000000d9500000)
 ParOldGen       total 84992K, used 0K [0x0000000085200000, 0x000000008a500000, 0x00000000d7100000)
  object space 84992K, 0% used [0x0000000085200000,0x0000000085200000,0x000000008a500000)
 Metaspace       used 11874K, capacity 12270K, committed 12544K, reserved 1060864K
  class space    used 1533K, capacity 1671K, committed 1792K, reserved 1048576K
Event: 1.166 GC heap after
Heap after GC invocations=1 (full 0):
 PSYoungGen      total 36864K, used 4975K [0x00000000d7100000, 0x00000000db900000, 0x0000000100000000)
  eden space 31744K, 0% used [0x00000000d7100000,0x00000000d7100000,0x00000000d9000000)
  from space 5120K, 97% used [0x00000000d9000000,0x00000000d94dbf70,0x00000000d9500000)
  to   space 5120K, 0% used [0x00000000db400000,0x00000000db400000,0x00000000db900000)
 ParOldGen       total 84992K, used 8K [0x0000000085200000, 0x000000008a500000, 0x00000000d7100000)
  object space 84992K, 0% used [0x0000000085200000,0x0000000085202000,0x000000008a500000)
 Metaspace       used 11874K, capacity 12270K, committed 12544K, reserved 1060864K
  class space    used 1533K, capacity 1671K, committed 1792K, reserved 1048576K
}
Event: 3.808 GC heap before
{Heap before GC invocations=2 (full 0):
 PSYoungGen      total 36864K, used 34221K [0x00000000d7100000, 0x00000000db900000, 0x0000000100000000)
  eden space 31744K, 92% used [0x00000000d7100000,0x00000000d8d8f780,0x00000000d9000000)
  from space 5120K, 97% used [0x00000000d9000000,0x00000000d94dbf70,0x00000000d9500000)
  to   space 5120K, 0% used [0x00000000db400000,0x00000000db400000,0x00000000db900000)
 ParOldGen       total 84992K, used 17586K [0x0000000085200000, 0x000000008a500000, 0x00000000d7100000)
  object space 84992K, 20% used [0x0000000085200000,0x000000008632c890,0x000000008a500000)
 Metaspace       used 20517K, capacity 21253K, committed 21296K, reserved 1067008K
  class space    used 2879K, capacity 3072K, committed 3072K, reserved 1048576K
Event: 3.818 GC heap after
Heap after GC invocations=2 (full 0):
 PSYoungGen      total 36864K, used 5107K [0x00000000d7100000, 0x00000000db900000, 0x0000000100000000)
  eden space 31744K, 0% used [0x00000000d7100000,0x00000000d7100000,0x00000000d9000000)
  from space 5120K, 99% used [0x00000000db400000,0x00000000db8fcfb0,0x00000000db900000)
  to   space 5120K, 0% used [0x00000000d9000000,0x00000000d9000000,0x00000000d9500000)
 ParOldGen       total 84992K, used 21841K [0x0000000085200000, 0x000000008a500000, 0x00000000d7100000)
  object space 84992K, 25% used [0x0000000085200000,0x0000000086754530,0x000000008a500000)
 Metaspace       used 20517K, capacity 21253K, committed 21296K, reserved 1067008K
  class space    used 2879K, capacity 3072K, committed 3072K, reserved 1048576K
}
Event: 3.818 GC heap before
{Heap before GC invocations=3 (full 1):
 PSYoungGen      total 36864K, used 5107K [0x00000000d7100000, 0x00000000db900000, 0x0000000100000000)
  eden space 31744K, 0% used [0x00000000d7100000,0x00000000d7100000,0x00000000d9000000)
  from space 5120K, 99% used [0x00000000db400000,0x00000000db8fcfb0,0x00000000db900000)
  to   space 5120K, 0% used [0x00000000d9000000,0x00000000d9000000,0x00000000d9500000)
 ParOldGen       total 84992K, used 21841K [0x0000000085200000, 0x000000008a500000, 0x00000000d7100000)
  object space 84992K, 25% used [0x0000000085200000,0x0000000086754530,0x000000008a500000)
 Metaspace       used 20517K, capacity 21253K, committed 21296K, reserved 1067008K
  class space    used 2879K, capacity 3072K, committed 3072K, reserved 1048576K
Event: 3.864 GC heap after
Heap after GC invocations=3 (full 1):
 PSYoungGen      total 36864K, used 0K [0x00000000d7100000, 0x00000000db900000, 0x0000000100000000)
  eden space 31744K, 0% used [0x00000000d7100000,0x00000000d7100000,0x00000000d9000000)
  from space 5120K, 0% used [0x00000000db400000,0x00000000db400000,0x00000000db900000)
  to   space 5120K, 0% used [0x00000000d9000000,0x00000000d9000000,0x00000000d9500000)
 ParOldGen       total 85504K, used 26819K [0x0000000085200000, 0x000000008a580000, 0x00000000d7100000)
  object space 85504K, 31% used [0x0000000085200000,0x0000000086c30ec8,0x000000008a580000)
 Metaspace       used 20517K, capacity 21253K, committed 21296K, reserved 1067008K
  class space    used 2879K, capacity 3072K, committed 3072K, reserved 1048576K
}

