# JRE version: Java(TM) SE Runtime Environment (8.0_91-b14) (build 1.8.0_91-b14)
# Java VM: Java HotSpot(TM) 64-Bit Server VM (25.91-b14 mixed mode linux-amd64 compressed oops)
Heap:
 PSYoungGen      total 36864K, used 11320K [0x00000000d7100000, 0x00000000db480000, 0x0000000100000000)
  eden space 31744K, 35% used [0x00000000d7100000,0x00000000d7c0e1f0,0x00000000d9000000)
  from space 5120K, 0% used [0x00000000d9000000,0x00000000d9000000,0x00000000d9500000)
  to   space 5120K, 0% used [0x00000000daf80000,0x00000000daf80000,0x00000000db480000)
 ParOldGen       total 83968K, used 27119K [0x0000000085200000, 0x000000008a400000, 0x00000000d7100000)
  object space 83968K, 32% used [0x0000000085200000,0x0000000086c7bfd0,0x000000008a400000)
 Metaspace       used 22379K, capacity 23208K, committed 23424K, reserved 1069056K
  class space    used 3166K, capacity 3368K, committed 3456K, reserved 1048576K
GC Heap History (8 events):
Event: 1.393 GC heap before
{Heap before GC invocations=1 (full 0):
 PSYoungGen      total 36864K, used 31744K [0x00000000d7100000, 0x00000000d9a00000, 0x0000000100000000)
  eden space 31744K, 100% used [0x00000000d7100000,0x00000000d9000000,0x00000000d9000000)
  from space 5120K, 0% used [0x00000000d9500000,0x00000000d9500000,0x00000000d9a00000)
  to   space 5120K, 0% used [0x00000000d9000000,0x00000000d9000000,0x00000000d9500000)
 ParOldGen       total 84992K, used 17578K [0x0000000085200000, 0x000000008a500000, 0x00000000d7100000)
  object space 84992K, 20% used [0x0000000085200000,0x000000008632a890,0x000000008a500000)
 Metaspace       used 12404K, capacity 12940K, committed 13184K, reserved 1060864K
  class space    used 1720K, capacity 1885K, committed 1920K, reserved 1048576K
Event: 1.409 GC heap after
Heap after GC invocations=1 (full 0):
 PSYoungGen      total 36864K, used 4820K [0x00000000d7100000, 0x00000000db900000, 0x0000000100000000)
  eden space 31744K, 0% used [0x00000000d7100000,0x00000000d7100000,0x00000000d9000000)
  from space 5120K, 94% used [0x00000000d9000000,0x00000000d94b5278,0x00000000d9500000)
  to   space 5120K, 0% used [0x00000000db400000,0x00000000db400000,0x00000000db900000)
 ParOldGen       total 84992K, used 17586K [0x0000000085200000, 0x000000008a500000, 0x00000000d7100000)
  object space 84992K, 20% used [0x0000000085200000,0x000000008632c890,0x000000008a500000)
 Metaspace       used 12404K, capacity 12940K, committed 13184K, reserved 1060864K
  class space    used 1720K, capacity 1885K, committed 1920K, reserved 1048576K
}
Event: 2.624 GC heap before
{Heap before GC invocations=2 (full 0):
 PSYoungGen      total 36864K, used 36564K [0x00000000d7100000, 0x00000000db900000, 0x0000000100000000)
  eden space 31744K, 100% used [0x00000000d7100000,0x00000000d9000000,0x00000000d9000000)
  from space 5120K, 94% used [0x00000000d9000000,0x00000000d94b5278,0x00000000d9500000)
  to   space 5120K, 0% used [0x00000000db400000,0x00000000db400000,0x00000000db900000)
 ParOldGen       total 84992K, used 17586K [0x0000000085200000, 0x000000008a500000, 0x00000000d7100000)
  object space 84992K, 20% used [0x0000000085200000,0x000000008632c890,0x000000008a500000)
 Metaspace       used 17177K, capacity 17818K, committed 17920K, reserved 1064960K
  class space    used 2324K, capacity 2491K, committed 2560K, reserved 1048576K
Event: 2.632 GC heap after
Heap after GC invocations=2 (full 0):
 PSYoungGen      total 36864K, used 5107K [0x00000000d7100000, 0x00000000db900000, 0x0000000100000000)
  eden space 31744K, 0% used [0x00000000d7100000,0x00000000d7100000,0x00000000d9000000)
  from space 5120K, 99% used [0x00000000db400000,0x00000000db8fcf80,0x00000000db900000)
  to   space 5120K, 0% used [0x00000000d9000000,0x00000000d9000000,0x00000000d9500000)
 ParOldGen       total 84992K, used 20236K [0x0000000085200000, 0x000000008a500000, 0x00000000d7100000)
  object space 84992K, 23% used [0x0000000085200000,0x00000000865c3238,0x000000008a500000)
 Metaspace       used 17177K, capacity 17818K, committed 17920K, reserved 1064960K
  class space    used 2324K, capacity 2491K, committed 2560K, reserved 1048576K
}
Event: 4.025 GC heap before
{Heap before GC invocations=3 (full 0):
 PSYoungGen      total 36864K, used 18721K [0x00000000d7100000, 0x00000000db900000, 0x0000000100000000)
  eden space 31744K, 42% used [0x00000000d7100000,0x00000000d7e4b670,0x00000000d9000000)
  from space 5120K, 99% used [0x00000000db400000,0x00000000db8fcf80,0x00000000db900000)
  to   space 5120K, 0% used [0x00000000d9000000,0x00000000d9000000,0x00000000d9500000)
 ParOldGen       total 84992K, used 20236K [0x0000000085200000, 0x000000008a500000, 0x00000000d7100000)
  object space 84992K, 23% used [0x0000000085200000,0x00000000865c3238,0x000000008a500000)
 Metaspace       used 20498K, capacity 21174K, committed 21248K, reserved 1067008K
  class space    used 2822K, capacity 3017K, committed 3072K, reserved 1048576K
Event: 4.032 GC heap after
Heap after GC invocations=3 (full 0):
 PSYoungGen      total 36864K, used 5096K [0x00000000d7100000, 0x00000000db480000, 0x0000000100000000)
  eden space 31744K, 0% used [0x00000000d7100000,0x00000000d7100000,0x00000000d9000000)
  from space 5120K, 99% used [0x00000000d9000000,0x00000000d94fa1d8,0x00000000d9500000)
  to   space 5120K, 0% used [0x00000000daf80000,0x00000000daf80000,0x00000000db480000)
 ParOldGen       total 84992K, used 23350K [0x0000000085200000, 0x000000008a500000, 0x00000000d7100000)
  object space 84992K, 27% used [0x0000000085200000,0x00000000868cd9a0,0x000000008a500000)
 Metaspace       used 20498K, capacity 21174K, committed 21248K, reserved 1067008K
  class space    used 2822K, capacity 3017K, committed 3072K, reserved 1048576K
}
Event: 4.032 GC heap before
{Heap before GC invocations=4 (full 1):
 PSYoungGen      total 36864K, used 5096K [0x00000000d7100000, 0x00000000db480000, 0x0000000100000000)
  eden space 31744K, 0% used [0x00000000d7100000,0x00000000d7100000,0x00000000d9000000)
  from space 5120K, 99% used [0x00000000d9000000,0x00000000d94fa1d8,0x00000000d9500000)
  to   space 5120K, 0% used [0x00000000daf80000,0x00000000daf80000,0x00000000db480000)
 ParOldGen       total 84992K, used 23350K [0x0000000085200000, 0x000000008a500000, 0x00000000d7100000)
  object space 84992K, 27% used [0x0000000085200000,0x00000000868cd9a0,0x000000008a500000)
 Metaspace       used 20498K, capacity 21174K, committed 21248K, reserved 1067008K
  class space    used 2822K, capacity 3017K, committed 3072K, reserved 1048576K
Event: 4.072 GC heap after
Heap after GC invocations=4 (full 1):
 PSYoungGen      total 36864K, used 0K [0x00000000d7100000, 0x00000000db480000, 0x0000000100000000)
  eden space 31744K, 0% used [0x00000000d7100000,0x00000000d7100000,0x00000000d9000000)
  from space 5120K, 0% used [0x00000000d9000000,0x00000000d9000000,0x00000000d9500000)
  to   space 5120K, 0% used [0x00000000daf80000,0x00000000daf80000,0x00000000db480000)
 ParOldGen       total 83968K, used 27119K [0x0000000085200000, 0x000000008a400000, 0x00000000d7100000)
  object space 83968K, 32% used [0x0000000085200000,0x0000000086c7bfd0,0x000000008a400000)
 Metaspace       used 20498K, capacity 21174K, committed 21248K, reserved 1067008K
  class space    used 2822K, capacity 3017K, committed 3072K, reserved 1048576K
}

