# JRE version: Java(TM) SE Runtime Environment (8.0_91-b14) (build 1.8.0_91-b14)
# Java VM: Java HotSpot(TM) 64-Bit Server VM (25.91-b14 mixed mode linux-amd64 compressed oops)
Heap:
 PSYoungGen      total 68608K, used 11421K [0x00000000d7100000, 0x00000000db900000, 0x0000000100000000)
  eden space 63488K, 17% used [0x00000000d7100000,0x00000000d7c27460,0x00000000daf00000)
  from space 5120K, 0% used [0x00000000db400000,0x00000000db400000,0x00000000db900000)
  to   space 5120K, 0% used [0x00000000daf00000,0x00000000daf00000,0x00000000db400000)
 ParOldGen       total 62464K, used 9296K [0x0000000085200000, 0x0000000088f00000, 0x00000000d7100000)
  object space 62464K, 14% used [0x0000000085200000,0x0000000085b14058,0x0000000088f00000)
 Metaspace       used 21574K, capacity 22368K, committed 22448K, reserved 1069056K
  class space    used 3040K, capacity 3224K, committed 3248K, reserved 1048576K
GC Heap History (6 events):
Event: 1.009 GC heap before
{Heap before GC invocations=1 (full 0):
 PSYoungGen      total 36864K, used 31744K [0x00000000d7100000, 0x00000000d9a00000, 0x0000000100000000)
  eden space 31744K, 100% used [0x00000000d7100000,0x00000000d9000000,0x00000000d9000000)
  from space 5120K, 0% used [0x00000000d9500000,0x00000000d9500000,0x00000000d9a00000)
  to   space 5120K, 0% used [0x00000000d9000000,0x00000000d9000000,0x00000000d9500000)
 ParOldGen       total 84992K, used 0K [0x0000000085200000, 0x000000008a500000, 0x00000000d7100000)
  object space 84992K, 0% used [0x0000000085200000,0x0000000085200000,0x000000008a500000)
 Metaspace       used 12959K, capacity 13528K, committed 13824K, reserved 1060864K
  class space    used 1793K, capacity 1998K, committed 2048K, reserved 1048576K
Event: 1.028 GC heap after
Heap after GC invocations=1 (full 0):
 PSYoungGen      total 36864K, used 4352K [0x00000000d7100000, 0x00000000db900000, 0x0000000100000000)
  eden space 31744K, 0% used [0x00000000d7100000,0x00000000d7100000,0x00000000d9000000)
  from space 5120K, 85% used [0x00000000d9000000,0x00000000d9440058,0x00000000d9500000)
  to   space 5120K, 0% used [0x00000000db400000,0x00000000db400000,0x00000000db900000)
 ParOldGen       total 84992K, used 16K [0x0000000085200000, 0x000000008a500000, 0x00000000d7100000)
  object space 84992K, 0% used [0x0000000085200000,0x0000000085204000,0x000000008a500000)
 Metaspace       used 12959K, capacity 13528K, committed 13824K, reserved 1060864K
  class space    used 1793K, capacity 1998K, committed 2048K, reserved 1048576K
}
Event: 4.170 GC heap before
{Heap before GC invocations=2 (full 0):
 PSYoungGen      total 36864K, used 32562K [0x00000000d7100000, 0x00000000db900000, 0x0000000100000000)
  eden space 31744K, 88% used [0x00000000d7100000,0x00000000d8c8c7b0,0x00000000d9000000)
  from space 5120K, 85% used [0x00000000d9000000,0x00000000d9440058,0x00000000d9500000)
  to   space 5120K, 0% used [0x00000000db400000,0x00000000db400000,0x00000000db900000)
 ParOldGen       total 84992K, used 16K [0x0000000085200000, 0x000000008a500000, 0x00000000d7100000)
  object space 84992K, 0% used [0x0000000085200000,0x0000000085204000,0x000000008a500000)
 Metaspace       used 20582K, capacity 21266K, committed 21296K, reserved 1067008K
  class space    used 2939K, capacity 3111K, committed 3120K, reserved 1048576K
Event: 4.179 GC heap after
Heap after GC invocations=2 (full 0):
 PSYoungGen      total 68608K, used 5104K [0x00000000d7100000, 0x00000000db900000, 0x0000000100000000)
  eden space 63488K, 0% used [0x00000000d7100000,0x00000000d7100000,0x00000000daf00000)
  from space 5120K, 99% used [0x00000000db400000,0x00000000db8fc068,0x00000000db900000)
  to   space 5120K, 0% used [0x00000000daf00000,0x00000000daf00000,0x00000000db400000)
 ParOldGen       total 84992K, used 4383K [0x0000000085200000, 0x000000008a500000, 0x00000000d7100000)
  object space 84992K, 5% used [0x0000000085200000,0x0000000085647fa8,0x000000008a500000)
 Metaspace       used 20582K, capacity 21266K, committed 21296K, reserved 1067008K
  class space    used 2939K, capacity 3111K, committed 3120K, reserved 1048576K
}
Event: 4.179 GC heap before
{Heap before GC invocations=3 (full 1):
 PSYoungGen      total 68608K, used 5104K [0x00000000d7100000, 0x00000000db900000, 0x0000000100000000)
  eden space 63488K, 0% used [0x00000000d7100000,0x00000000d7100000,0x00000000daf00000)
  from space 5120K, 99% used [0x00000000db400000,0x00000000db8fc068,0x00000000db900000)
  to   space 5120K, 0% used [0x00000000daf00000,0x00000000daf00000,0x00000000db400000)
 ParOldGen       total 84992K, used 4383K [0x0000000085200000, 0x000000008a500000, 0x00000000d7100000)
  object space 84992K, 5% used [0x0000000085200000,0x0000000085647fa8,0x000000008a500000)
 Metaspace       used 20582K, capacity 21266K, committed 21296K, reserved 1067008K
  class space    used 2939K, capacity 3111K, committed 3120K, reserved 1048576K
Event: 4.221 GC heap after
Heap after GC invocations=3 (full 1):
 PSYoungGen      total 68608K, used 0K [0x00000000d7100000, 0x00000000db900000, 0x0000000100000000)
  eden space 63488K, 0% used [0x00000000d7100000,0x00000000d7100000,0x00000000daf00000)
  from space 5120K, 0% used [0x00000000db400000,0x00000000db400000,0x00000000db900000)
  to   space 5120K, 0% used [0x00000000daf00000,0x00000000daf00000,0x00000000db400000)
 ParOldGen       total 62464K, used 9296K [0x0000000085200000, 0x0000000088f00000, 0x00000000d7100000)
  object space 62464K, 14% used [0x0000000085200000,0x0000000085b14058,0x0000000088f00000)
 Metaspace       used 20582K, capacity 21266K, committed 21296K, reserved 1067008K
  class space    used 2939K, capacity 3111K, committed 3120K, reserved 1048576K
}

