# JRE version: Java(TM) SE Runtime Environment (8.0_91-b14) (build 1.8.0_91-b14)
# Java VM: Java HotSpot(TM) 64-Bit Server VM (25.91-b14 mixed mode linux-amd64 compressed oops)
Heap:
 PSYoungGen      total 36864K, used 4659K [0x00000000d7100000, 0x00000000d9a00000, 0x0000000100000000)
  eden space 31744K, 14% used [0x00000000d7100000,0x00000000d758cdb0,0x00000000d9000000)
  from space 5120K, 0% used [0x00000000d9000000,0x00000000d9000000,0x00000000d9500000)
  to   space 5120K, 0% used [0x00000000d9500000,0x00000000d9500000,0x00000000d9a00000)
 ParOldGen       total 83968K, used 27079K [0x0000000085200000, 0x000000008a400000, 0x00000000d7100000)
  object space 83968K, 32% used [0x0000000085200000,0x0000000086c71ce8,0x000000008a400000)
 Metaspace       used 21349K, capacity 22206K, committed 22528K, reserved 1069056K
  class space    used 3033K, capacity 3231K, committed 3328K, reserved 1048576K
GC Heap History (8 events):
Event: 1.558 GC heap before
{Heap before GC invocations=1 (full 0):
 PSYoungGen      total 36864K, used 31744K [0x00000000d7100000, 0x00000000d9a00000, 0x0000000100000000)
  eden space 31744K, 100% used [0x00000000d7100000,0x00000000d9000000,0x00000000d9000000)
  from space 5120K, 0% used [0x00000000d9500000,0x00000000d9500000,0x00000000d9a00000)
  to   space 5120K, 0% used [0x00000000d9000000,0x00000000d9000000,0x00000000d9500000)
 ParOldGen       total 84992K, used 17578K [0x0000000085200000, 0x000000008a500000, 0x00000000d7100000)
  object space 84992K, 20% used [0x0000000085200000,0x000000008632a890,0x000000008a500000)
 Metaspace       used 12543K, capacity 13104K, committed 13312K, reserved 1060864K
  class space    used 1745K, capacity 1925K, committed 2048K, reserved 1048576K
Event: 1.572 GC heap after
Heap after GC invocations=1 (full 0):
 PSYoungGen      total 36864K, used 4839K [0x00000000d7100000, 0x00000000d9a00000, 0x0000000100000000)
  eden space 31744K, 0% used [0x00000000d7100000,0x00000000d7100000,0x00000000d9000000)
  from space 5120K, 94% used [0x00000000d9000000,0x00000000d94b9cf8,0x00000000d9500000)
  to   space 5120K, 0% used [0x00000000d9500000,0x00000000d9500000,0x00000000d9a00000)
 ParOldGen       total 84992K, used 17586K [0x0000000085200000, 0x000000008a500000, 0x00000000d7100000)
  object space 84992K, 20% used [0x0000000085200000,0x000000008632c890,0x000000008a500000)
 Metaspace       used 12543K, capacity 13104K, committed 13312K, reserved 1060864K
  class space    used 1745K, capacity 1925K, committed 2048K, reserved 1048576K
}
Event: 2.739 GC heap before
{Heap before GC invocations=2 (full 0):
 PSYoungGen      total 36864K, used 36583K [0x00000000d7100000, 0x00000000d9a00000, 0x0000000100000000)
  eden space 31744K, 100% used [0x00000000d7100000,0x00000000d9000000,0x00000000d9000000)
  from space 5120K, 94% used [0x00000000d9000000,0x00000000d94b9cf8,0x00000000d9500000)
  to   space 5120K, 0% used [0x00000000d9500000,0x00000000d9500000,0x00000000d9a00000)
 ParOldGen       total 84992K, used 17586K [0x0000000085200000, 0x000000008a500000, 0x00000000d7100000)
  object space 84992K, 20% used [0x0000000085200000,0x000000008632c890,0x000000008a500000)
 Metaspace       used 18467K, capacity 19054K, committed 19328K, reserved 1067008K
  class space    used 2490K, capacity 2651K, committed 2688K, reserved 1048576K
Event: 2.747 GC heap after
Heap after GC invocations=2 (full 0):
 PSYoungGen      total 36864K, used 5089K [0x00000000d7100000, 0x00000000d9a00000, 0x0000000100000000)
  eden space 31744K, 0% used [0x00000000d7100000,0x00000000d7100000,0x00000000d9000000)
  from space 5120K, 99% used [0x00000000d9500000,0x00000000d99f8520,0x00000000d9a00000)
  to   space 5120K, 0% used [0x00000000d9000000,0x00000000d9000000,0x00000000d9500000)
 ParOldGen       total 84992K, used 20509K [0x0000000085200000, 0x000000008a500000, 0x00000000d7100000)
  object space 84992K, 24% used [0x0000000085200000,0x00000000866074d8,0x000000008a500000)
 Metaspace       used 18467K, capacity 19054K, committed 19328K, reserved 1067008K
  class space    used 2490K, capacity 2651K, committed 2688K, reserved 1048576K
}
Event: 3.656 GC heap before
{Heap before GC invocations=3 (full 0):
 PSYoungGen      total 36864K, used 16685K [0x00000000d7100000, 0x00000000d9a00000, 0x0000000100000000)
  eden space 31744K, 36% used [0x00000000d7100000,0x00000000d7c530a8,0x00000000d9000000)
  from space 5120K, 99% used [0x00000000d9500000,0x00000000d99f8520,0x00000000d9a00000)
  to   space 5120K, 0% used [0x00000000d9000000,0x00000000d9000000,0x00000000d9500000)
 ParOldGen       total 84992K, used 20509K [0x0000000085200000, 0x000000008a500000, 0x00000000d7100000)
  object space 84992K, 24% used [0x0000000085200000,0x00000000866074d8,0x000000008a500000)
 Metaspace       used 20451K, capacity 21152K, committed 21248K, reserved 1067008K
  class space    used 2810K, capacity 2984K, committed 3072K, reserved 1048576K
Event: 3.662 GC heap after
Heap after GC invocations=3 (full 0):
 PSYoungGen      total 36864K, used 5097K [0x00000000d7100000, 0x00000000d9a00000, 0x0000000100000000)
  eden space 31744K, 0% used [0x00000000d7100000,0x00000000d7100000,0x00000000d9000000)
  from space 5120K, 99% used [0x00000000d9000000,0x00000000d94fa4f8,0x00000000d9500000)
  to   space 5120K, 0% used [0x00000000d9500000,0x00000000d9500000,0x00000000d9a00000)
 ParOldGen       total 84992K, used 23165K [0x0000000085200000, 0x000000008a500000, 0x00000000d7100000)
  object space 84992K, 27% used [0x0000000085200000,0x000000008689f6e8,0x000000008a500000)
 Metaspace       used 20451K, capacity 21152K, committed 21248K, reserved 1067008K
  class space    used 2810K, capacity 2984K, committed 3072K, reserved 1048576K
}
Event: 3.662 GC heap before
{Heap before GC invocations=4 (full 1):
 PSYoungGen      total 36864K, used 5097K [0x00000000d7100000, 0x00000000d9a00000, 0x0000000100000000)
  eden space 31744K, 0% used [0x00000000d7100000,0x00000000d7100000,0x00000000d9000000)
  from space 5120K, 99% used [0x00000000d9000000,0x00000000d94fa4f8,0x00000000d9500000)
  to   space 5120K, 0% used [0x00000000d9500000,0x00000000d9500000,0x00000000d9a00000)
 ParOldGen       total 84992K, used 23165K [0x0000000085200000, 0x000000008a500000, 0x00000000d7100000)
  object space 84992K, 27% used [0x0000000085200000,0x000000008689f6e8,0x000000008a500000)
 Metaspace       used 20451K, capacity 21152K, committed 21248K, reserved 1067008K
  class space    used 2810K, capacity 2984K, committed 3072K, reserved 1048576K
Event: 3.698 GC heap after
Heap after GC invocations=4 (full 1):
 PSYoungGen      total 36864K, used 0K [0x00000000d7100000, 0x00000000d9a00000, 0x0000000100000000)
  eden space 31744K, 0% used [0x00000000d7100000,0x00000000d7100000,0x00000000d9000000)
  from space 5120K, 0% used [0x00000000d9000000,0x00000000d9000000,0x00000000d9500000)
  to   space 5120K, 0% used [0x00000000d9500000,0x00000000d9500000,0x00000000d9a00000)
 ParOldGen       total 83968K, used 27079K [0x0000000085200000, 0x000000008a400000, 0x00000000d7100000)
  object space 83968K, 32% used [0x0000000085200000,0x0000000086c71ce8,0x000000008a400000)
 Metaspace       used 20451K, capacity 21152K, committed 21248K, reserved 1067008K
  class space    used 2810K, capacity 2984K, committed 3072K, reserved 1048576K
}

