# JRE version: Java(TM) SE Runtime Environment (8.0_91-b14) (build 1.8.0_91-b14)
# Java VM: Java HotSpot(TM) 64-Bit Server VM (25.91-b14 mixed mode linux-amd64 compressed oops)
Heap:
 PSYoungGen      total 36864K, used 5911K [0x00000000d7100000, 0x00000000db900000, 0x0000000100000000)
  eden space 31744K, 18% used [0x00000000d7100000,0x00000000d76c5fb0,0x00000000d9000000)
  from space 5120K, 0% used [0x00000000d9000000,0x00000000d9000000,0x00000000d9500000)
  to   space 5120K, 0% used [0x00000000db400000,0x00000000db400000,0x00000000db900000)
 ParOldGen       total 49152K, used 8190K [0x0000000085200000, 0x0000000088200000, 0x00000000d7100000)
  object space 49152K, 16% used [0x0000000085200000,0x00000000859ffbb0,0x0000000088200000)
 Metaspace       used 21738K, capacity 22504K, committed 22784K, reserved 1069056K
  class space    used 3038K, capacity 3224K, committed 3328K, reserved 1048576K
GC Heap History (8 events):
Event: 1.085 GC heap before
{Heap before GC invocations=1 (full 0):
 PSYoungGen      total 36864K, used 31744K [0x00000000d7100000, 0x00000000d9a00000, 0x0000000100000000)
  eden space 31744K, 100% used [0x00000000d7100000,0x00000000d9000000,0x00000000d9000000)
  from space 5120K, 0% used [0x00000000d9500000,0x00000000d9500000,0x00000000d9a00000)
  to   space 5120K, 0% used [0x00000000d9000000,0x00000000d9000000,0x00000000d9500000)
 ParOldGen       total 84992K, used 0K [0x0000000085200000, 0x000000008a500000, 0x00000000d7100000)
  object space 84992K, 0% used [0x0000000085200000,0x0000000085200000,0x000000008a500000)
 Metaspace       used 12970K, capacity 13588K, committed 13824K, reserved 1060864K
  class space    used 1791K, capacity 1998K, committed 2048K, reserved 1048576K
Event: 1.096 GC heap after
Heap after GC invocations=1 (full 0):
 PSYoungGen      total 36864K, used 4368K [0x00000000d7100000, 0x00000000d9a00000, 0x0000000100000000)
  eden space 31744K, 0% used [0x00000000d7100000,0x00000000d7100000,0x00000000d9000000)
  from space 5120K, 85% used [0x00000000d9000000,0x00000000d9444048,0x00000000d9500000)
  to   space 5120K, 0% used [0x00000000d9500000,0x00000000d9500000,0x00000000d9a00000)
 ParOldGen       total 84992K, used 16K [0x0000000085200000, 0x000000008a500000, 0x00000000d7100000)
  object space 84992K, 0% used [0x0000000085200000,0x0000000085204000,0x000000008a500000)
 Metaspace       used 12970K, capacity 13588K, committed 13824K, reserved 1060864K
  class space    used 1791K, capacity 1998K, committed 2048K, reserved 1048576K
}
Event: 6.026 GC heap before
{Heap before GC invocations=2 (full 0):
 PSYoungGen      total 36864K, used 36112K [0x00000000d7100000, 0x00000000d9a00000, 0x0000000100000000)
  eden space 31744K, 100% used [0x00000000d7100000,0x00000000d9000000,0x00000000d9000000)
  from space 5120K, 85% used [0x00000000d9000000,0x00000000d9444048,0x00000000d9500000)
  to   space 5120K, 0% used [0x00000000d9500000,0x00000000d9500000,0x00000000d9a00000)
 ParOldGen       total 84992K, used 16K [0x0000000085200000, 0x000000008a500000, 0x00000000d7100000)
  object space 84992K, 0% used [0x0000000085200000,0x0000000085204000,0x000000008a500000)
 Metaspace       used 20130K, capacity 20838K, committed 20864K, reserved 1067008K
  class space    used 2753K, capacity 2937K, committed 2944K, reserved 1048576K
Event: 6.035 GC heap after
Heap after GC invocations=2 (full 0):
 PSYoungGen      total 36864K, used 5088K [0x00000000d7100000, 0x00000000d9a00000, 0x0000000100000000)
  eden space 31744K, 0% used [0x00000000d7100000,0x00000000d7100000,0x00000000d9000000)
  from space 5120K, 99% used [0x00000000d9500000,0x00000000d99f8040,0x00000000d9a00000)
  to   space 5120K, 0% used [0x00000000d9000000,0x00000000d9000000,0x00000000d9500000)
 ParOldGen       total 84992K, used 5626K [0x0000000085200000, 0x000000008a500000, 0x00000000d7100000)
  object space 84992K, 6% used [0x0000000085200000,0x000000008577e9e8,0x000000008a500000)
 Metaspace       used 20130K, capacity 20838K, committed 20864K, reserved 1067008K
  class space    used 2753K, capacity 2937K, committed 2944K, reserved 1048576K
}
Event: 6.062 GC heap before
{Heap before GC invocations=3 (full 0):
 PSYoungGen      total 36864K, used 6753K [0x00000000d7100000, 0x00000000d9a00000, 0x0000000100000000)
  eden space 31744K, 5% used [0x00000000d7100000,0x00000000d72a04a0,0x00000000d9000000)
  from space 5120K, 99% used [0x00000000d9500000,0x00000000d99f8040,0x00000000d9a00000)
  to   space 5120K, 0% used [0x00000000d9000000,0x00000000d9000000,0x00000000d9500000)
 ParOldGen       total 84992K, used 5626K [0x0000000085200000, 0x000000008a500000, 0x00000000d7100000)
  object space 84992K, 6% used [0x0000000085200000,0x000000008577e9e8,0x000000008a500000)
 Metaspace       used 20513K, capacity 21216K, committed 21296K, reserved 1067008K
  class space    used 2822K, capacity 3012K, committed 3072K, reserved 1048576K
Event: 6.066 GC heap after
Heap after GC invocations=3 (full 0):
 PSYoungGen      total 36864K, used 5104K [0x00000000d7100000, 0x00000000db900000, 0x0000000100000000)
  eden space 31744K, 0% used [0x00000000d7100000,0x00000000d7100000,0x00000000d9000000)
  from space 5120K, 99% used [0x00000000d9000000,0x00000000d94fc050,0x00000000d9500000)
  to   space 5120K, 0% used [0x00000000db400000,0x00000000db400000,0x00000000db900000)
 ParOldGen       total 84992K, used 5746K [0x0000000085200000, 0x000000008a500000, 0x00000000d7100000)
  object space 84992K, 6% used [0x0000000085200000,0x000000008579c9e8,0x000000008a500000)
 Metaspace       used 20513K, capacity 21216K, committed 21296K, reserved 1067008K
  class space    used 2822K, capacity 3012K, committed 3072K, reserved 1048576K
}
Event: 6.066 GC heap before
{Heap before GC invocations=4 (full 1):
 PSYoungGen      total 36864K, used 5104K [0x00000000d7100000, 0x00000000db900000, 0x0000000100000000)
  eden space 31744K, 0% used [0x00000000d7100000,0x00000000d7100000,0x00000000d9000000)
  from space 5120K, 99% used [0x00000000d9000000,0x00000000d94fc050,0x00000000d9500000)
  to   space 5120K, 0% used [0x00000000db400000,0x00000000db400000,0x00000000db900000)
 ParOldGen       total 84992K, used 5746K [0x0000000085200000, 0x000000008a500000, 0x00000000d7100000)
  object space 84992K, 6% used [0x0000000085200000,0x000000008579c9e8,0x000000008a500000)
 Metaspace       used 20513K, capacity 21216K, committed 21296K, reserved 1067008K
  class space    used 2822K, capacity 3012K, committed 3072K, reserved 1048576K
Event: 6.090 GC heap after
Heap after GC invocations=4 (full 1):
 PSYoungGen      total 36864K, used 0K [0x00000000d7100000, 0x00000000db900000, 0x0000000100000000)
  eden space 31744K, 0% used [0x00000000d7100000,0x00000000d7100000,0x00000000d9000000)
  from space 5120K, 0% used [0x00000000d9000000,0x00000000d9000000,0x00000000d9500000)
  to   space 5120K, 0% used [0x00000000db400000,0x00000000db400000,0x00000000db900000)
 ParOldGen       total 49152K, used 8190K [0x0000000085200000, 0x0000000088200000, 0x00000000d7100000)
  object space 49152K, 16% used [0x0000000085200000,0x00000000859ffbb0,0x0000000088200000)
 Metaspace       used 20513K, capacity 21216K, committed 21296K, reserved 1067008K
  class space    used 2822K, capacity 3012K, committed 3072K, reserved 1048576K
}

