# JRE version: Java(TM) SE Runtime Environment (8.0_91-b14) (build 1.8.0_91-b14)
# Java VM: Java HotSpot(TM) 64-Bit Server VM (25.91-b14 mixed mode linux-amd64 compressed oops)
Heap:
 PSYoungGen      total 36864K, used 4426K [0x00000000d7100000, 0x00000000d9a00000, 0x0000000100000000)
  eden space 31744K, 13% used [0x00000000d7100000,0x00000000d7552a78,0x00000000d9000000)
  from space 5120K, 0% used [0x00000000d9000000,0x00000000d9000000,0x00000000d9500000)
  to   space 5120K, 0% used [0x00000000d9500000,0x00000000d9500000,0x00000000d9a00000)
 ParOldGen       total 84992K, used 27100K [0x0000000085200000, 0x000000008a500000, 0x00000000d7100000)
  object space 84992K, 31% used [0x0000000085200000,0x0000000086c772c0,0x000000008a500000)
 Metaspace       used 21304K, capacity 22142K, committed 22272K, reserved 1069056K
  class space    used 3033K, capacity 3231K, committed 3328K, reserved 1048576K
GC Heap History (8 events):
Event: 1.483 GC heap before
{Heap before GC invocations=1 (full 0):
 PSYoungGen      total 36864K, used 31744K [0x00000000d7100000, 0x00000000d9a00000, 0x0000000100000000)
  eden space 31744K, 100% used [0x00000000d7100000,0x00000000d9000000,0x00000000d9000000)
  from space 5120K, 0% used [0x00000000d9500000,0x00000000d9500000,0x00000000d9a00000)
  to   space 5120K, 0% used [0x00000000d9000000,0x00000000d9000000,0x00000000d9500000)
 ParOldGen       total 84992K, used 17578K [0x0000000085200000, 0x000000008a500000, 0x00000000d7100000)
  object space 84992K, 20% used [0x0000000085200000,0x000000008632a890,0x000000008a500000)
 Metaspace       used 12545K, capacity 13100K, committed 13312K, reserved 1060864K
  class space    used 1745K, capacity 1925K, committed 2048K, reserved 1048576K
Event: 1.497 GC heap after
Heap after GC invocations=1 (full 0):
 PSYoungGen      total 36864K, used 4804K [0x00000000d7100000, 0x00000000d9a00000, 0x0000000100000000)
  eden space 31744K, 0% used [0x00000000d7100000,0x00000000d7100000,0x00000000d9000000)
  from space 5120K, 93% used [0x00000000d9000000,0x00000000d94b1288,0x00000000d9500000)
  to   space 5120K, 0% used [0x00000000d9500000,0x00000000d9500000,0x00000000d9a00000)
 ParOldGen       total 84992K, used 17594K [0x0000000085200000, 0x000000008a500000, 0x00000000d7100000)
  object space 84992K, 20% used [0x0000000085200000,0x000000008632e890,0x000000008a500000)
 Metaspace       used 12545K, capacity 13100K, committed 13312K, reserved 1060864K
  class space    used 1745K, capacity 1925K, committed 2048K, reserved 1048576K
}
Event: 2.621 GC heap before
{Heap before GC invocations=2 (full 0):
 PSYoungGen      total 36864K, used 36548K [0x00000000d7100000, 0x00000000d9a00000, 0x0000000100000000)
  eden space 31744K, 100% used [0x00000000d7100000,0x00000000d9000000,0x00000000d9000000)
  from space 5120K, 93% used [0x00000000d9000000,0x00000000d94b1288,0x00000000d9500000)
  to   space 5120K, 0% used [0x00000000d9500000,0x00000000d9500000,0x00000000d9a00000)
 ParOldGen       total 84992K, used 17594K [0x0000000085200000, 0x000000008a500000, 0x00000000d7100000)
  object space 84992K, 20% used [0x0000000085200000,0x000000008632e890,0x000000008a500000)
 Metaspace       used 18193K, capacity 18798K, committed 19072K, reserved 1064960K
  class space    used 2461K, capacity 2651K, committed 2688K, reserved 1048576K
Event: 2.629 GC heap after
Heap after GC invocations=2 (full 0):
 PSYoungGen      total 36864K, used 5089K [0x00000000d7100000, 0x00000000d9a00000, 0x0000000100000000)
  eden space 31744K, 0% used [0x00000000d7100000,0x00000000d7100000,0x00000000d9000000)
  from space 5120K, 99% used [0x00000000d9500000,0x00000000d99f8500,0x00000000d9a00000)
  to   space 5120K, 0% used [0x00000000d9000000,0x00000000d9000000,0x00000000d9500000)
 ParOldGen       total 84992K, used 20414K [0x0000000085200000, 0x000000008a500000, 0x00000000d7100000)
  object space 84992K, 24% used [0x0000000085200000,0x00000000865ef840,0x000000008a500000)
 Metaspace       used 18193K, capacity 18798K, committed 19072K, reserved 1064960K
  class space    used 2461K, capacity 2651K, committed 2688K, reserved 1048576K
}
Event: 3.959 GC heap before
{Heap before GC invocations=3 (full 0):
 PSYoungGen      total 36864K, used 17147K [0x00000000d7100000, 0x00000000d9a00000, 0x0000000100000000)
  eden space 31744K, 37% used [0x00000000d7100000,0x00000000d7cc67c8,0x00000000d9000000)
  from space 5120K, 99% used [0x00000000d9500000,0x00000000d99f8500,0x00000000d9a00000)
  to   space 5120K, 0% used [0x00000000d9000000,0x00000000d9000000,0x00000000d9500000)
 ParOldGen       total 84992K, used 20414K [0x0000000085200000, 0x000000008a500000, 0x00000000d7100000)
  object space 84992K, 24% used [0x0000000085200000,0x00000000865ef840,0x000000008a500000)
 Metaspace       used 20464K, capacity 21184K, committed 21296K, reserved 1067008K
  class space    used 2820K, capacity 2990K, committed 3072K, reserved 1048576K
Event: 3.965 GC heap after
Heap after GC invocations=3 (full 0):
 PSYoungGen      total 36864K, used 5100K [0x00000000d7100000, 0x00000000d9a00000, 0x0000000100000000)
  eden space 31744K, 0% used [0x00000000d7100000,0x00000000d7100000,0x00000000d9000000)
  from space 5120K, 99% used [0x00000000d9000000,0x00000000d94fb270,0x00000000d9500000)
  to   space 5120K, 0% used [0x00000000d9500000,0x00000000d9500000,0x00000000d9a00000)
 ParOldGen       total 84992K, used 23226K [0x0000000085200000, 0x000000008a500000, 0x00000000d7100000)
  object space 84992K, 27% used [0x0000000085200000,0x00000000868ae9d8,0x000000008a500000)
 Metaspace       used 20464K, capacity 21184K, committed 21296K, reserved 1067008K
  class space    used 2820K, capacity 2990K, committed 3072K, reserved 1048576K
}
Event: 3.965 GC heap before
{Heap before GC invocations=4 (full 1):
 PSYoungGen      total 36864K, used 5100K [0x00000000d7100000, 0x00000000d9a00000, 0x0000000100000000)
  eden space 31744K, 0% used [0x00000000d7100000,0x00000000d7100000,0x00000000d9000000)
  from space 5120K, 99% used [0x00000000d9000000,0x00000000d94fb270,0x00000000d9500000)
  to   space 5120K, 0% used [0x00000000d9500000,0x00000000d9500000,0x00000000d9a00000)
 ParOldGen       total 84992K, used 23226K [0x0000000085200000, 0x000000008a500000, 0x00000000d7100000)
  object space 84992K, 27% used [0x0000000085200000,0x00000000868ae9d8,0x000000008a500000)
 Metaspace       used 20464K, capacity 21184K, committed 21296K, reserved 1067008K
  class space    used 2820K, capacity 2990K, committed 3072K, reserved 1048576K
Event: 4.006 GC heap after
Heap after GC invocations=4 (full 1):
 PSYoungGen      total 36864K, used 0K [0x00000000d7100000, 0x00000000d9a00000, 0x0000000100000000)
  eden space 31744K, 0% used [0x00000000d7100000,0x00000000d7100000,0x00000000d9000000)
  from space 5120K, 0% used [0x00000000d9000000,0x00000000d9000000,0x00000000d9500000)
  to   space 5120K, 0% used [0x00000000d9500000,0x00000000d9500000,0x00000000d9a00000)
 ParOldGen       total 84992K, used 27100K [0x0000000085200000, 0x000000008a500000, 0x00000000d7100000)
  object space 84992K, 31% used [0x0000000085200000,0x0000000086c772c0,0x000000008a500000)
 Metaspace       used 20464K, capacity 21184K, committed 21296K, reserved 1067008K
  class space    used 2820K, capacity 2990K, committed 3072K, reserved 1048576K
}

