# JRE version: Java(TM) SE Runtime Environment (8.0_91-b14) (build 1.8.0_91-b14)
# Java VM: Java HotSpot(TM) 64-Bit Server VM (25.91-b14 mixed mode linux-amd64 compressed oops)
Heap:
 PSYoungGen      total 36864K, used 4549K [0x00000000d7100000, 0x00000000d9a00000, 0x0000000100000000)
  eden space 31744K, 14% used [0x00000000d7100000,0x00000000d7571490,0x00000000d9000000)
  from space 5120K, 0% used [0x00000000d9500000,0x00000000d9500000,0x00000000d9a00000)
  to   space 5120K, 0% used [0x00000000d9000000,0x00000000d9000000,0x00000000d9500000)
 ParOldGen       total 87040K, used 26833K [0x0000000085200000, 0x000000008a700000, 0x00000000d7100000)
  object space 87040K, 30% used [0x0000000085200000,0x0000000086c34538,0x000000008a700000)
 Metaspace       used 21652K, capacity 22514K, committed 22576K, reserved 1069056K
  class space    used 3102K, capacity 3321K, committed 3376K, reserved 1048576K
GC Heap History (6 events):
Event: 0.861 GC heap before
{Heap before GC invocations=1 (full 0):
 PSYoungGen      total 36864K, used 31744K [0x00000000d7100000, 0x00000000d9a00000, 0x0000000100000000)
  eden space 31744K, 100% used [0x00000000d7100000,0x00000000d9000000,0x00000000d9000000)
  from space 5120K, 0% used [0x00000000d9500000,0x00000000d9500000,0x00000000d9a00000)
  to   space 5120K, 0% used [0x00000000d9000000,0x00000000d9000000,0x00000000d9500000)
 ParOldGen       total 84992K, used 0K [0x0000000085200000, 0x000000008a500000, 0x00000000d7100000)
  object space 84992K, 0% used [0x0000000085200000,0x0000000085200000,0x000000008a500000)
 Metaspace       used 11856K, capacity 12262K, committed 12544K, reserved 1060864K
  class space    used 1533K, capacity 1671K, committed 1792K, reserved 1048576K
Event: 0.869 GC heap after
Heap after GC invocations=1 (full 0):
 PSYoungGen      total 36864K, used 4975K [0x00000000d7100000, 0x00000000d9a00000, 0x0000000100000000)
  eden space 31744K, 0% used [0x00000000d7100000,0x00000000d7100000,0x00000000d9000000)
  from space 5120K, 97% used [0x00000000d9000000,0x00000000d94dbf70,0x00000000d9500000)
  to   space 5120K, 0% used [0x00000000d9500000,0x00000000d9500000,0x00000000d9a00000)
 ParOldGen       total 84992K, used 8K [0x0000000085200000, 0x000000008a500000, 0x00000000d7100000)
  object space 84992K, 0% used [0x0000000085200000,0x0000000085202000,0x000000008a500000)
 Metaspace       used 11856K, capacity 12262K, committed 12544K, reserved 1060864K
  class space    used 1533K, capacity 1671K, committed 1792K, reserved 1048576K
}
Event: 4.724 GC heap before
{Heap before GC invocations=2 (full 0):
 PSYoungGen      total 36864K, used 34235K [0x00000000d7100000, 0x00000000d9a00000, 0x0000000100000000)
  eden space 31744K, 92% used [0x00000000d7100000,0x00000000d8d92ec0,0x00000000d9000000)
  from space 5120K, 97% used [0x00000000d9000000,0x00000000d94dbf70,0x00000000d9500000)
  to   space 5120K, 0% used [0x00000000d9500000,0x00000000d9500000,0x00000000d9a00000)
 ParOldGen       total 84992K, used 17586K [0x0000000085200000, 0x000000008a500000, 0x00000000d7100000)
  object space 84992K, 20% used [0x0000000085200000,0x000000008632c890,0x000000008a500000)
 Metaspace       used 20514K, capacity 21246K, committed 21296K, reserved 1067008K
  class space    used 2882K, capacity 3073K, committed 3120K, reserved 1048576K
Event: 4.732 GC heap after
Heap after GC invocations=2 (full 0):
 PSYoungGen      total 36864K, used 5091K [0x00000000d7100000, 0x00000000d9a00000, 0x0000000100000000)
  eden space 31744K, 0% used [0x00000000d7100000,0x00000000d7100000,0x00000000d9000000)
  from space 5120K, 99% used [0x00000000d9500000,0x00000000d99f8fc0,0x00000000d9a00000)
  to   space 5120K, 0% used [0x00000000d9000000,0x00000000d9000000,0x00000000d9500000)
 ParOldGen       total 84992K, used 21878K [0x0000000085200000, 0x000000008a500000, 0x00000000d7100000)
  object space 84992K, 25% used [0x0000000085200000,0x000000008675d988,0x000000008a500000)
 Metaspace       used 20514K, capacity 21246K, committed 21296K, reserved 1067008K
  class space    used 2882K, capacity 3073K, committed 3120K, reserved 1048576K
}
Event: 4.732 GC heap before
{Heap before GC invocations=3 (full 1):
 PSYoungGen      total 36864K, used 5091K [0x00000000d7100000, 0x00000000d9a00000, 0x0000000100000000)
  eden space 31744K, 0% used [0x00000000d7100000,0x00000000d7100000,0x00000000d9000000)
  from space 5120K, 99% used [0x00000000d9500000,0x00000000d99f8fc0,0x00000000d9a00000)
  to   space 5120K, 0% used [0x00000000d9000000,0x00000000d9000000,0x00000000d9500000)
 ParOldGen       total 84992K, used 21878K [0x0000000085200000, 0x000000008a500000, 0x00000000d7100000)
  object space 84992K, 25% used [0x0000000085200000,0x000000008675d988,0x000000008a500000)
 Metaspace       used 20514K, capacity 21246K, committed 21296K, reserved 1067008K
  class space    used 2882K, capacity 3073K, committed 3120K, reserved 1048576K
Event: 4.775 GC heap after
Heap after GC invocations=3 (full 1):
 PSYoungGen      total 36864K, used 0K [0x00000000d7100000, 0x00000000d9a00000, 0x0000000100000000)
  eden space 31744K, 0% used [0x00000000d7100000,0x00000000d7100000,0x00000000d9000000)
  from space 5120K, 0% used [0x00000000d9500000,0x00000000d9500000,0x00000000d9a00000)
  to   space 5120K, 0% used [0x00000000d9000000,0x00000000d9000000,0x00000000d9500000)
 ParOldGen       total 87040K, used 26833K [0x0000000085200000, 0x000000008a700000, 0x00000000d7100000)
  object space 87040K, 30% used [0x0000000085200000,0x0000000086c34538,0x000000008a700000)
 Metaspace       used 20514K, capacity 21246K, committed 21296K, reserved 1067008K
  class space    used 2882K, capacity 3073K, committed 3120K, reserved 1048576K
}

