# JRE version: Java(TM) SE Runtime Environment (8.0_91-b14) (build 1.8.0_91-b14)
# Java VM: Java HotSpot(TM) 64-Bit Server VM (25.91-b14 mixed mode linux-amd64 compressed oops)
Heap:
 PSYoungGen      total 36864K, used 4542K [0x00000000d7100000, 0x00000000d9a00000, 0x0000000100000000)
  eden space 31744K, 14% used [0x00000000d7100000,0x00000000d756fb28,0x00000000d9000000)
  from space 5120K, 0% used [0x00000000d9500000,0x00000000d9500000,0x00000000d9a00000)
  to   space 5120K, 0% used [0x00000000d9000000,0x00000000d9000000,0x00000000d9500000)
 ParOldGen       total 90112K, used 26807K [0x0000000085200000, 0x000000008aa00000, 0x00000000d7100000)
  object space 90112K, 29% used [0x0000000085200000,0x0000000086c2dfa0,0x000000008aa00000)
 Metaspace       used 21673K, capacity 22522K, committed 22784K, reserved 1069056K
  class space    used 3102K, capacity 3321K, committed 3328K, reserved 1048576K
GC Heap History (6 events):
Event: 1.090 GC heap before
{Heap before GC invocations=1 (full 0):
 PSYoungGen      total 36864K, used 31744K [0x00000000d7100000, 0x00000000d9a00000, 0x0000000100000000)
  eden space 31744K, 100% used [0x00000000d7100000,0x00000000d9000000,0x00000000d9000000)
  from space 5120K, 0% used [0x00000000d9500000,0x00000000d9500000,0x00000000d9a00000)
  to   space 5120K, 0% used [0x00000000d9000000,0x00000000d9000000,0x00000000d9500000)
 ParOldGen       total 84992K, used 0K [0x0000000085200000, 0x000000008a500000, 0x00000000d7100000)
  object space 84992K, 0% used [0x0000000085200000,0x0000000085200000,0x000000008a500000)
 Metaspace       used 11871K, capacity 12270K, committed 12544K, reserved 1060864K
  class space    used 1534K, capacity 1671K, committed 1792K, reserved 1048576K
Event: 1.097 GC heap after
Heap after GC invocations=1 (full 0):
 PSYoungGen      total 36864K, used 4959K [0x00000000d7100000, 0x00000000d9a00000, 0x0000000100000000)
  eden space 31744K, 0% used [0x00000000d7100000,0x00000000d7100000,0x00000000d9000000)
  from space 5120K, 96% used [0x00000000d9000000,0x00000000d94d7d40,0x00000000d9500000)
  to   space 5120K, 0% used [0x00000000d9500000,0x00000000d9500000,0x00000000d9a00000)
 ParOldGen       total 84992K, used 16K [0x0000000085200000, 0x000000008a500000, 0x00000000d7100000)
  object space 84992K, 0% used [0x0000000085200000,0x0000000085204000,0x000000008a500000)
 Metaspace       used 11871K, capacity 12270K, committed 12544K, reserved 1060864K
  class space    used 1534K, capacity 1671K, committed 1792K, reserved 1048576K
}
Event: 3.676 GC heap before
{Heap before GC invocations=2 (full 0):
 PSYoungGen      total 36864K, used 34242K [0x00000000d7100000, 0x00000000d9a00000, 0x0000000100000000)
  eden space 31744K, 92% used [0x00000000d7100000,0x00000000d8d98b30,0x00000000d9000000)
  from space 5120K, 96% used [0x00000000d9000000,0x00000000d94d7d40,0x00000000d9500000)
  to   space 5120K, 0% used [0x00000000d9500000,0x00000000d9500000,0x00000000d9a00000)
 ParOldGen       total 84992K, used 17594K [0x0000000085200000, 0x000000008a500000, 0x00000000d7100000)
  object space 84992K, 20% used [0x0000000085200000,0x000000008632e890,0x000000008a500000)
 Metaspace       used 20519K, capacity 21240K, committed 21248K, reserved 1067008K
  class space    used 2872K, capacity 3070K, committed 3072K, reserved 1048576K
Event: 3.685 GC heap after
Heap after GC invocations=2 (full 0):
 PSYoungGen      total 36864K, used 5107K [0x00000000d7100000, 0x00000000d9a00000, 0x0000000100000000)
  eden space 31744K, 0% used [0x00000000d7100000,0x00000000d7100000,0x00000000d9000000)
  from space 5120K, 99% used [0x00000000d9500000,0x00000000d99fcfb0,0x00000000d9a00000)
  to   space 5120K, 0% used [0x00000000d9000000,0x00000000d9000000,0x00000000d9500000)
 ParOldGen       total 84992K, used 21849K [0x0000000085200000, 0x000000008a500000, 0x00000000d7100000)
  object space 84992K, 25% used [0x0000000085200000,0x0000000086756620,0x000000008a500000)
 Metaspace       used 20519K, capacity 21240K, committed 21248K, reserved 1067008K
  class space    used 2872K, capacity 3070K, committed 3072K, reserved 1048576K
}
Event: 3.685 GC heap before
{Heap before GC invocations=3 (full 1):
 PSYoungGen      total 36864K, used 5107K [0x00000000d7100000, 0x00000000d9a00000, 0x0000000100000000)
  eden space 31744K, 0% used [0x00000000d7100000,0x00000000d7100000,0x00000000d9000000)
  from space 5120K, 99% used [0x00000000d9500000,0x00000000d99fcfb0,0x00000000d9a00000)
  to   space 5120K, 0% used [0x00000000d9000000,0x00000000d9000000,0x00000000d9500000)
 ParOldGen       total 84992K, used 21849K [0x0000000085200000, 0x000000008a500000, 0x00000000d7100000)
  object space 84992K, 25% used [0x0000000085200000,0x0000000086756620,0x000000008a500000)
 Metaspace       used 20519K, capacity 21240K, committed 21248K, reserved 1067008K
  class space    used 2872K, capacity 3070K, committed 3072K, reserved 1048576K
Event: 3.732 GC heap after
Heap after GC invocations=3 (full 1):
 PSYoungGen      total 36864K, used 0K [0x00000000d7100000, 0x00000000d9a00000, 0x0000000100000000)
  eden space 31744K, 0% used [0x00000000d7100000,0x00000000d7100000,0x00000000d9000000)
  from space 5120K, 0% used [0x00000000d9500000,0x00000000d9500000,0x00000000d9a00000)
  to   space 5120K, 0% used [0x00000000d9000000,0x00000000d9000000,0x00000000d9500000)
 ParOldGen       total 90112K, used 26807K [0x0000000085200000, 0x000000008aa00000, 0x00000000d7100000)
  object space 90112K, 29% used [0x0000000085200000,0x0000000086c2dfa0,0x000000008aa00000)
 Metaspace       used 20519K, capacity 21240K, committed 21248K, reserved 1067008K
  class space    used 2872K, capacity 3070K, committed 3072K, reserved 1048576K
}

