# JRE version: Java(TM) SE Runtime Environment (8.0_91-b14) (build 1.8.0_91-b14)
# Java VM: Java HotSpot(TM) 64-Bit Server VM (25.91-b14 mixed mode linux-amd64 compressed oops)
Heap:
 PSYoungGen      total 36864K, used 4982K [0x00000000d7100000, 0x00000000db480000, 0x0000000100000000)
  eden space 31744K, 15% used [0x00000000d7100000,0x00000000d75ddab0,0x00000000d9000000)
  from space 5120K, 0% used [0x00000000d9000000,0x00000000d9000000,0x00000000d9500000)
  to   space 5120K, 0% used [0x00000000daf80000,0x00000000daf80000,0x00000000db480000)
 ParOldGen       total 81920K, used 27072K [0x0000000085200000, 0x000000008a200000, 0x00000000d7100000)
  object space 81920K, 33% used [0x0000000085200000,0x0000000086c701f8,0x000000008a200000)
 Metaspace       used 21381K, capacity 22204K, committed 22528K, reserved 1069056K
  class space    used 3033K, capacity 3230K, committed 3328K, reserved 1048576K
GC Heap History (8 events):
Event: 1.445 GC heap before
{Heap before GC invocations=1 (full 0):
 PSYoungGen      total 36864K, used 31744K [0x00000000d7100000, 0x00000000d9a00000, 0x0000000100000000)
  eden space 31744K, 100% used [0x00000000d7100000,0x00000000d9000000,0x00000000d9000000)
  from space 5120K, 0% used [0x00000000d9500000,0x00000000d9500000,0x00000000d9a00000)
  to   space 5120K, 0% used [0x00000000d9000000,0x00000000d9000000,0x00000000d9500000)
 ParOldGen       total 84992K, used 17578K [0x0000000085200000, 0x000000008a500000, 0x00000000d7100000)
  object space 84992K, 20% used [0x0000000085200000,0x000000008632a890,0x000000008a500000)
 Metaspace       used 12524K, capacity 13090K, committed 13184K, reserved 1060864K
  class space    used 1741K, capacity 1918K, committed 1920K, reserved 1048576K
Event: 1.466 GC heap after
Heap after GC invocations=1 (full 0):
 PSYoungGen      total 36864K, used 4820K [0x00000000d7100000, 0x00000000db900000, 0x0000000100000000)
  eden space 31744K, 0% used [0x00000000d7100000,0x00000000d7100000,0x00000000d9000000)
  from space 5120K, 94% used [0x00000000d9000000,0x00000000d94b5278,0x00000000d9500000)
  to   space 5120K, 0% used [0x00000000db400000,0x00000000db400000,0x00000000db900000)
 ParOldGen       total 84992K, used 17586K [0x0000000085200000, 0x000000008a500000, 0x00000000d7100000)
  object space 84992K, 20% used [0x0000000085200000,0x000000008632c890,0x000000008a500000)
 Metaspace       used 12524K, capacity 13090K, committed 13184K, reserved 1060864K
  class space    used 1741K, capacity 1918K, committed 1920K, reserved 1048576K
}
Event: 3.067 GC heap before
{Heap before GC invocations=2 (full 0):
 PSYoungGen      total 36864K, used 36564K [0x00000000d7100000, 0x00000000db900000, 0x0000000100000000)
  eden space 31744K, 100% used [0x00000000d7100000,0x00000000d9000000,0x00000000d9000000)
  from space 5120K, 94% used [0x00000000d9000000,0x00000000d94b5278,0x00000000d9500000)
  to   space 5120K, 0% used [0x00000000db400000,0x00000000db400000,0x00000000db900000)
 ParOldGen       total 84992K, used 17586K [0x0000000085200000, 0x000000008a500000, 0x00000000d7100000)
  object space 84992K, 20% used [0x0000000085200000,0x000000008632c890,0x000000008a500000)
 Metaspace       used 18308K, capacity 18924K, committed 19072K, reserved 1064960K
  class space    used 2467K, capacity 2650K, committed 2688K, reserved 1048576K
Event: 3.075 GC heap after
Heap after GC invocations=2 (full 0):
 PSYoungGen      total 36864K, used 5089K [0x00000000d7100000, 0x00000000db900000, 0x0000000100000000)
  eden space 31744K, 0% used [0x00000000d7100000,0x00000000d7100000,0x00000000d9000000)
  from space 5120K, 99% used [0x00000000db400000,0x00000000db8f8500,0x00000000db900000)
  to   space 5120K, 0% used [0x00000000d9000000,0x00000000d9000000,0x00000000d9500000)
 ParOldGen       total 84992K, used 20492K [0x0000000085200000, 0x000000008a500000, 0x00000000d7100000)
  object space 84992K, 24% used [0x0000000085200000,0x0000000086603080,0x000000008a500000)
 Metaspace       used 18308K, capacity 18924K, committed 19072K, reserved 1064960K
  class space    used 2467K, capacity 2650K, committed 2688K, reserved 1048576K
}
Event: 4.922 GC heap before
{Heap before GC invocations=3 (full 0):
 PSYoungGen      total 36864K, used 16988K [0x00000000d7100000, 0x00000000db900000, 0x0000000100000000)
  eden space 31744K, 37% used [0x00000000d7100000,0x00000000d7c9eed0,0x00000000d9000000)
  from space 5120K, 99% used [0x00000000db400000,0x00000000db8f8500,0x00000000db900000)
  to   space 5120K, 0% used [0x00000000d9000000,0x00000000d9000000,0x00000000d9500000)
 ParOldGen       total 84992K, used 20492K [0x0000000085200000, 0x000000008a500000, 0x00000000d7100000)
  object space 84992K, 24% used [0x0000000085200000,0x0000000086603080,0x000000008a500000)
 Metaspace       used 20438K, capacity 21150K, committed 21248K, reserved 1067008K
  class space    used 2805K, capacity 2983K, committed 3072K, reserved 1048576K
Event: 4.928 GC heap after
Heap after GC invocations=3 (full 0):
 PSYoungGen      total 36864K, used 5100K [0x00000000d7100000, 0x00000000db480000, 0x0000000100000000)
  eden space 31744K, 0% used [0x00000000d7100000,0x00000000d7100000,0x00000000d9000000)
  from space 5120K, 99% used [0x00000000d9000000,0x00000000d94fb270,0x00000000d9500000)
  to   space 5120K, 0% used [0x00000000daf80000,0x00000000daf80000,0x00000000db480000)
 ParOldGen       total 84992K, used 23196K [0x0000000085200000, 0x000000008a500000, 0x00000000d7100000)
  object space 84992K, 27% used [0x0000000085200000,0x00000000868a7230,0x000000008a500000)
 Metaspace       used 20438K, capacity 21150K, committed 21248K, reserved 1067008K
  class space    used 2805K, capacity 2983K, committed 3072K, reserved 1048576K
}
Event: 4.928 GC heap before
{Heap before GC invocations=4 (full 1):
 PSYoungGen      total 36864K, used 5100K [0x00000000d7100000, 0x00000000db480000, 0x0000000100000000)
  eden space 31744K, 0% used [0x00000000d7100000,0x00000000d7100000,0x00000000d9000000)
  from space 5120K, 99% used [0x00000000d9000000,0x00000000d94fb270,0x00000000d9500000)
  to   space 5120K, 0% used [0x00000000daf80000,0x00000000daf80000,0x00000000db480000)
 ParOldGen       total 84992K, used 23196K [0x0000000085200000, 0x000000008a500000, 0x00000000d7100000)
  object space 84992K, 27% used [0x0000000085200000,0x00000000868a7230,0x000000008a500000)
 Metaspace       used 20438K, capacity 21150K, committed 21248K, reserved 1067008K
  class space    used 2805K, capacity 2983K, committed 3072K, reserved 1048576K
Event: 4.965 GC heap after
Heap after GC invocations=4 (full 1):
 PSYoungGen      total 36864K, used 0K [0x00000000d7100000, 0x00000000db480000, 0x0000000100000000)
  eden space 31744K, 0% used [0x00000000d7100000,0x00000000d7100000,0x00000000d9000000)
  from space 5120K, 0% used [0x00000000d9000000,0x00000000d9000000,0x00000000d9500000)
  to   space 5120K, 0% used [0x00000000daf80000,0x00000000daf80000,0x00000000db480000)
 ParOldGen       total 81920K, used 27072K [0x0000000085200000, 0x000000008a200000, 0x00000000d7100000)
  object space 81920K, 33% used [0x0000000085200000,0x0000000086c701f8,0x000000008a200000)
 Metaspace       used 20438K, capacity 21150K, committed 21248K, reserved 1067008K
  class space    used 2805K, capacity 2983K, committed 3072K, reserved 1048576K
}

