# JRE version: Java(TM) SE Runtime Environment (8.0_91-b14) (build 1.8.0_91-b14)
# Java VM: Java HotSpot(TM) 64-Bit Server VM (25.91-b14 mixed mode linux-amd64 compressed oops)
Heap:
 PSYoungGen      total 68608K, used 5270K [0x00000000d7100000, 0x00000000db900000, 0x0000000100000000)
  eden space 63488K, 8% used [0x00000000d7100000,0x00000000d7625828,0x00000000daf00000)
  from space 5120K, 0% used [0x00000000db400000,0x00000000db400000,0x00000000db900000)
  to   space 5120K, 0% used [0x00000000daf00000,0x00000000daf00000,0x00000000db400000)
 ParOldGen       total 80384K, used 26796K [0x0000000085200000, 0x000000008a080000, 0x00000000d7100000)
  object space 80384K, 33% used [0x0000000085200000,0x0000000086c2b178,0x000000008a080000)
 Metaspace       used 21675K, capacity 22514K, committed 22528K, reserved 1069056K
  class space    used 3101K, capacity 3321K, committed 3328K, reserved 1048576K
GC Heap History (6 events):
Event: 0.938 GC heap before
{Heap before GC invocations=1 (full 0):
 PSYoungGen      total 36864K, used 31744K [0x00000000d7100000, 0x00000000d9a00000, 0x0000000100000000)
  eden space 31744K, 100% used [0x00000000d7100000,0x00000000d9000000,0x00000000d9000000)
  from space 5120K, 0% used [0x00000000d9500000,0x00000000d9500000,0x00000000d9a00000)
  to   space 5120K, 0% used [0x00000000d9000000,0x00000000d9000000,0x00000000d9500000)
 ParOldGen       total 84992K, used 0K [0x0000000085200000, 0x000000008a500000, 0x00000000d7100000)
  object space 84992K, 0% used [0x0000000085200000,0x0000000085200000,0x000000008a500000)
 Metaspace       used 11862K, capacity 12262K, committed 12544K, reserved 1060864K
  class space    used 1533K, capacity 1671K, committed 1792K, reserved 1048576K
Event: 0.957 GC heap after
Heap after GC invocations=1 (full 0):
 PSYoungGen      total 36864K, used 4959K [0x00000000d7100000, 0x00000000db900000, 0x0000000100000000)
  eden space 31744K, 0% used [0x00000000d7100000,0x00000000d7100000,0x00000000d9000000)
  from space 5120K, 96% used [0x00000000d9000000,0x00000000d94d7f60,0x00000000d9500000)
  to   space 5120K, 0% used [0x00000000db400000,0x00000000db400000,0x00000000db900000)
 ParOldGen       total 84992K, used 8K [0x0000000085200000, 0x000000008a500000, 0x00000000d7100000)
  object space 84992K, 0% used [0x0000000085200000,0x0000000085202000,0x000000008a500000)
 Metaspace       used 11862K, capacity 12262K, committed 12544K, reserved 1060864K
  class space    used 1533K, capacity 1671K, committed 1792K, reserved 1048576K
}
Event: 5.100 GC heap before
{Heap before GC invocations=2 (full 0):
 PSYoungGen      total 36864K, used 34260K [0x00000000d7100000, 0x00000000db900000, 0x0000000100000000)
  eden space 31744K, 92% used [0x00000000d7100000,0x00000000d8d9d120,0x00000000d9000000)
  from space 5120K, 96% used [0x00000000d9000000,0x00000000d94d7f60,0x00000000d9500000)
  to   space 5120K, 0% used [0x00000000db400000,0x00000000db400000,0x00000000db900000)
 ParOldGen       total 84992K, used 17586K [0x0000000085200000, 0x000000008a500000, 0x00000000d7100000)
  object space 84992K, 20% used [0x0000000085200000,0x000000008632c890,0x000000008a500000)
 Metaspace       used 20510K, capacity 21232K, committed 21248K, reserved 1067008K
  class space    used 2873K, capacity 3070K, committed 3072K, reserved 1048576K
Event: 5.108 GC heap after
Heap after GC invocations=2 (full 0):
 PSYoungGen      total 68608K, used 5108K [0x00000000d7100000, 0x00000000db900000, 0x0000000100000000)
  eden space 63488K, 0% used [0x00000000d7100000,0x00000000d7100000,0x00000000daf00000)
  from space 5120K, 99% used [0x00000000db400000,0x00000000db8fd298,0x00000000db900000)
  to   space 5120K, 0% used [0x00000000daf00000,0x00000000daf00000,0x00000000db400000)
 ParOldGen       total 84992K, used 21789K [0x0000000085200000, 0x000000008a500000, 0x00000000d7100000)
  object space 84992K, 25% used [0x0000000085200000,0x0000000086747658,0x000000008a500000)
 Metaspace       used 20510K, capacity 21232K, committed 21248K, reserved 1067008K
  class space    used 2873K, capacity 3070K, committed 3072K, reserved 1048576K
}
Event: 5.108 GC heap before
{Heap before GC invocations=3 (full 1):
 PSYoungGen      total 68608K, used 5108K [0x00000000d7100000, 0x00000000db900000, 0x0000000100000000)
  eden space 63488K, 0% used [0x00000000d7100000,0x00000000d7100000,0x00000000daf00000)
  from space 5120K, 99% used [0x00000000db400000,0x00000000db8fd298,0x00000000db900000)
  to   space 5120K, 0% used [0x00000000daf00000,0x00000000daf00000,0x00000000db400000)
 ParOldGen       total 84992K, used 21789K [0x0000000085200000, 0x000000008a500000, 0x00000000d7100000)
  object space 84992K, 25% used [0x0000000085200000,0x0000000086747658,0x000000008a500000)
 Metaspace       used 20510K, capacity 21232K, committed 21248K, reserved 1067008K
  class space    used 2873K, capacity 3070K, committed 3072K, reserved 1048576K
Event: 5.152 GC heap after
Heap after GC invocations=3 (full 1):
 PSYoungGen      total 68608K, used 0K [0x00000000d7100000, 0x00000000db900000, 0x0000000100000000)
  eden space 63488K, 0% used [0x00000000d7100000,0x00000000d7100000,0x00000000daf00000)
  from space 5120K, 0% used [0x00000000db400000,0x00000000db400000,0x00000000db900000)
  to   space 5120K, 0% used [0x00000000daf00000,0x00000000daf00000,0x00000000db400000)
 ParOldGen       total 80384K, used 26796K [0x0000000085200000, 0x000000008a080000, 0x00000000d7100000)
  object space 80384K, 33% used [0x0000000085200000,0x0000000086c2b178,0x000000008a080000)
 Metaspace       used 20510K, capacity 21232K, committed 21248K, reserved 1067008K
  class space    used 2873K, capacity 3070K, committed 3072K, reserved 1048576K
}

