# JRE version: Java(TM) SE Runtime Environment (8.0_91-b14) (build 1.8.0_91-b14)
# Java VM: Java HotSpot(TM) 64-Bit Server VM (25.91-b14 mixed mode linux-amd64 compressed oops)
Heap:
 PSYoungGen      total 68608K, used 7006K [0x00000000d7100000, 0x00000000df700000, 0x0000000100000000)
  eden space 63488K, 11% used [0x00000000d7100000,0x00000000d77d7948,0x00000000daf00000)
  from space 5120K, 0% used [0x00000000daf00000,0x00000000daf00000,0x00000000db400000)
  to   space 5120K, 0% used [0x00000000df200000,0x00000000df200000,0x00000000df700000)
 ParOldGen       total 47616K, used 8147K [0x0000000085200000, 0x0000000088080000, 0x00000000d7100000)
  object space 47616K, 17% used [0x0000000085200000,0x00000000859f4c60,0x0000000088080000)
 Metaspace       used 21656K, capacity 22468K, committed 22784K, reserved 1069056K
  class space    used 3045K, capacity 3234K, committed 3328K, reserved 1048576K
GC Heap History (8 events):
Event: 1.197 GC heap before
{Heap before GC invocations=1 (full 0):
 PSYoungGen      total 36864K, used 31744K [0x00000000d7100000, 0x00000000d9a00000, 0x0000000100000000)
  eden space 31744K, 100% used [0x00000000d7100000,0x00000000d9000000,0x00000000d9000000)
  from space 5120K, 0% used [0x00000000d9500000,0x00000000d9500000,0x00000000d9a00000)
  to   space 5120K, 0% used [0x00000000d9000000,0x00000000d9000000,0x00000000d9500000)
 ParOldGen       total 84992K, used 0K [0x0000000085200000, 0x000000008a500000, 0x00000000d7100000)
  object space 84992K, 0% used [0x0000000085200000,0x0000000085200000,0x000000008a500000)
 Metaspace       used 12914K, capacity 13516K, committed 13568K, reserved 1060864K
  class space    used 1783K, capacity 1996K, committed 2048K, reserved 1048576K
Event: 1.222 GC heap after
Heap after GC invocations=1 (full 0):
 PSYoungGen      total 36864K, used 4322K [0x00000000d7100000, 0x00000000db900000, 0x0000000100000000)
  eden space 31744K, 0% used [0x00000000d7100000,0x00000000d7100000,0x00000000d9000000)
  from space 5120K, 84% used [0x00000000d9000000,0x00000000d9438ac8,0x00000000d9500000)
  to   space 5120K, 0% used [0x00000000db400000,0x00000000db400000,0x00000000db900000)
 ParOldGen       total 84992K, used 16K [0x0000000085200000, 0x000000008a500000, 0x00000000d7100000)
  object space 84992K, 0% used [0x0000000085200000,0x0000000085204000,0x000000008a500000)
 Metaspace       used 12914K, capacity 13516K, committed 13568K, reserved 1060864K
  class space    used 1783K, capacity 1996K, committed 2048K, reserved 1048576K
}
Event: 18.357 GC heap before
{Heap before GC invocations=2 (full 0):
 PSYoungGen      total 36864K, used 36066K [0x00000000d7100000, 0x00000000db900000, 0x0000000100000000)
  eden space 31744K, 100% used [0x00000000d7100000,0x00000000d9000000,0x00000000d9000000)
  from space 5120K, 84% used [0x00000000d9000000,0x00000000d9438ac8,0x00000000d9500000)
  to   space 5120K, 0% used [0x00000000db400000,0x00000000db400000,0x00000000db900000)
 ParOldGen       total 84992K, used 16K [0x0000000085200000, 0x000000008a500000, 0x00000000d7100000)
  object space 84992K, 0% used [0x0000000085200000,0x0000000085204000,0x000000008a500000)
 Metaspace       used 20051K, capacity 20688K, committed 20864K, reserved 1067008K
  class space    used 2742K, capacity 2912K, committed 2944K, reserved 1048576K
Event: 18.368 GC heap after
Heap after GC invocations=2 (full 0):
 PSYoungGen      total 68608K, used 5104K [0x00000000d7100000, 0x00000000db900000, 0x0000000100000000)
  eden space 63488K, 0% used [0x00000000d7100000,0x00000000d7100000,0x00000000daf00000)
  from space 5120K, 99% used [0x00000000db400000,0x00000000db8fc068,0x00000000db900000)
  to   space 5120K, 0% used [0x00000000daf00000,0x00000000daf00000,0x00000000db400000)
 ParOldGen       total 84992K, used 5568K [0x0000000085200000, 0x000000008a500000, 0x00000000d7100000)
  object space 84992K, 6% used [0x0000000085200000,0x0000000085770098,0x000000008a500000)
 Metaspace       used 20051K, capacity 20688K, committed 20864K, reserved 1067008K
  class space    used 2742K, capacity 2912K, committed 2944K, reserved 1048576K
}
Event: 18.401 GC heap before
{Heap before GC invocations=3 (full 0):
 PSYoungGen      total 68608K, used 7451K [0x00000000d7100000, 0x00000000db900000, 0x0000000100000000)
  eden space 63488K, 3% used [0x00000000d7100000,0x00000000d734aba0,0x00000000daf00000)
  from space 5120K, 99% used [0x00000000db400000,0x00000000db8fc068,0x00000000db900000)
  to   space 5120K, 0% used [0x00000000daf00000,0x00000000daf00000,0x00000000db400000)
 ParOldGen       total 84992K, used 5568K [0x0000000085200000, 0x000000008a500000, 0x00000000d7100000)
  object space 84992K, 6% used [0x0000000085200000,0x0000000085770098,0x000000008a500000)
 Metaspace       used 20447K, capacity 21110K, committed 21248K, reserved 1067008K
  class space    used 2815K, capacity 2983K, committed 3072K, reserved 1048576K
Event: 18.409 GC heap after
Heap after GC invocations=3 (full 0):
 PSYoungGen      total 68608K, used 5104K [0x00000000d7100000, 0x00000000df700000, 0x0000000100000000)
  eden space 63488K, 0% used [0x00000000d7100000,0x00000000d7100000,0x00000000daf00000)
  from space 5120K, 99% used [0x00000000daf00000,0x00000000db3fc068,0x00000000db400000)
  to   space 5120K, 0% used [0x00000000df200000,0x00000000df200000,0x00000000df700000)
 ParOldGen       total 84992K, used 5712K [0x0000000085200000, 0x000000008a500000, 0x00000000d7100000)
  object space 84992K, 6% used [0x0000000085200000,0x0000000085794098,0x000000008a500000)
 Metaspace       used 20447K, capacity 21110K, committed 21248K, reserved 1067008K
  class space    used 2815K, capacity 2983K, committed 3072K, reserved 1048576K
}
Event: 18.409 GC heap before
{Heap before GC invocations=4 (full 1):
 PSYoungGen      total 68608K, used 5104K [0x00000000d7100000, 0x00000000df700000, 0x0000000100000000)
  eden space 63488K, 0% used [0x00000000d7100000,0x00000000d7100000,0x00000000daf00000)
  from space 5120K, 99% used [0x00000000daf00000,0x00000000db3fc068,0x00000000db400000)
  to   space 5120K, 0% used [0x00000000df200000,0x00000000df200000,0x00000000df700000)
 ParOldGen       total 84992K, used 5712K [0x0000000085200000, 0x000000008a500000, 0x00000000d7100000)
  object space 84992K, 6% used [0x0000000085200000,0x0000000085794098,0x000000008a500000)
 Metaspace       used 20447K, capacity 21110K, committed 21248K, reserved 1067008K
  class space    used 2815K, capacity 2983K, committed 3072K, reserved 1048576K
Event: 18.437 GC heap after
Heap after GC invocations=4 (full 1):
 PSYoungGen      total 68608K, used 0K [0x00000000d7100000, 0x00000000df700000, 0x0000000100000000)
  eden space 63488K, 0% used [0x00000000d7100000,0x00000000d7100000,0x00000000daf00000)
  from space 5120K, 0% used [0x00000000daf00000,0x00000000daf00000,0x00000000db400000)
  to   space 5120K, 0% used [0x00000000df200000,0x00000000df200000,0x00000000df700000)
 ParOldGen       total 47616K, used 8147K [0x0000000085200000, 0x0000000088080000, 0x00000000d7100000)
  object space 47616K, 17% used [0x0000000085200000,0x00000000859f4c60,0x0000000088080000)
 Metaspace       used 20447K, capacity 21110K, committed 21248K, reserved 1067008K
  class space    used 2815K, capacity 2983K, committed 3072K, reserved 1048576K
}

