# JRE version: Java(TM) SE Runtime Environment (8.0_91-b14) (build 1.8.0_91-b14)
# Java VM: Java HotSpot(TM) 64-Bit Server VM (25.91-b14 mixed mode linux-amd64 compressed oops)
Heap:
 PSYoungGen      total 36864K, used 4644K [0x00000000d7100000, 0x00000000d9a00000, 0x0000000100000000)
  eden space 31744K, 14% used [0x00000000d7100000,0x00000000d7589208,0x00000000d9000000)
  from space 5120K, 0% used [0x00000000d9000000,0x00000000d9000000,0x00000000d9500000)
  to   space 5120K, 0% used [0x00000000d9500000,0x00000000d9500000,0x00000000d9a00000)
 ParOldGen       total 84992K, used 27058K [0x0000000085200000, 0x000000008a500000, 0x00000000d7100000)
  object space 84992K, 31% used [0x0000000085200000,0x0000000086c6cb40,0x000000008a500000)
 Metaspace       used 21355K, capacity 22206K, committed 22528K, reserved 1069056K
  class space    used 3034K, capacity 3231K, committed 3328K, reserved 1048576K
GC Heap History (8 events):
Event: 1.443 GC heap before
{Heap before GC invocations=1 (full 0):
 PSYoungGen      total 36864K, used 31744K [0x00000000d7100000, 0x00000000d9a00000, 0x0000000100000000)
  eden space 31744K, 100% used [0x00000000d7100000,0x00000000d9000000,0x00000000d9000000)
  from space 5120K, 0% used [0x00000000d9500000,0x00000000d9500000,0x00000000d9a00000)
  to   space 5120K, 0% used [0x00000000d9000000,0x00000000d9000000,0x00000000d9500000)
 ParOldGen       total 84992K, used 17578K [0x0000000085200000, 0x000000008a500000, 0x00000000d7100000)
  object space 84992K, 20% used [0x0000000085200000,0x000000008632a890,0x000000008a500000)
 Metaspace       used 12431K, capacity 12932K, committed 13184K, reserved 1060864K
  class space    used 1726K, capacity 1890K, committed 1920K, reserved 1048576K
Event: 1.453 GC heap after
Heap after GC invocations=1 (full 0):
 PSYoungGen      total 36864K, used 4807K [0x00000000d7100000, 0x00000000d9a00000, 0x0000000100000000)
  eden space 31744K, 0% used [0x00000000d7100000,0x00000000d7100000,0x00000000d9000000)
  from space 5120K, 93% used [0x00000000d9000000,0x00000000d94b1cf8,0x00000000d9500000)
  to   space 5120K, 0% used [0x00000000d9500000,0x00000000d9500000,0x00000000d9a00000)
 ParOldGen       total 84992K, used 17586K [0x0000000085200000, 0x000000008a500000, 0x00000000d7100000)
  object space 84992K, 20% used [0x0000000085200000,0x000000008632c890,0x000000008a500000)
 Metaspace       used 12431K, capacity 12932K, committed 13184K, reserved 1060864K
  class space    used 1726K, capacity 1890K, committed 1920K, reserved 1048576K
}
Event: 2.718 GC heap before
{Heap before GC invocations=2 (full 0):
 PSYoungGen      total 36864K, used 36551K [0x00000000d7100000, 0x00000000d9a00000, 0x0000000100000000)
  eden space 31744K, 100% used [0x00000000d7100000,0x00000000d9000000,0x00000000d9000000)
  from space 5120K, 93% used [0x00000000d9000000,0x00000000d94b1cf8,0x00000000d9500000)
  to   space 5120K, 0% used [0x00000000d9500000,0x00000000d9500000,0x00000000d9a00000)
 ParOldGen       total 84992K, used 17586K [0x0000000085200000, 0x000000008a500000, 0x00000000d7100000)
  object space 84992K, 20% used [0x0000000085200000,0x000000008632c890,0x000000008a500000)
 Metaspace       used 17964K, capacity 18538K, committed 18816K, reserved 1064960K
  class space    used 2408K, capacity 2587K, committed 2688K, reserved 1048576K
Event: 2.726 GC heap after
Heap after GC invocations=2 (full 0):
 PSYoungGen      total 36864K, used 5092K [0x00000000d7100000, 0x00000000d9a00000, 0x0000000100000000)
  eden space 31744K, 0% used [0x00000000d7100000,0x00000000d7100000,0x00000000d9000000)
  from space 5120K, 99% used [0x00000000d9500000,0x00000000d99f9288,0x00000000d9a00000)
  to   space 5120K, 0% used [0x00000000d9000000,0x00000000d9000000,0x00000000d9500000)
 ParOldGen       total 84992K, used 20354K [0x0000000085200000, 0x000000008a500000, 0x00000000d7100000)
  object space 84992K, 23% used [0x0000000085200000,0x00000000865e0bc0,0x000000008a500000)
 Metaspace       used 17964K, capacity 18538K, committed 18816K, reserved 1064960K
  class space    used 2408K, capacity 2587K, committed 2688K, reserved 1048576K
}
Event: 3.832 GC heap before
{Heap before GC invocations=3 (full 0):
 PSYoungGen      total 36864K, used 17126K [0x00000000d7100000, 0x00000000d9a00000, 0x0000000100000000)
  eden space 31744K, 37% used [0x00000000d7100000,0x00000000d7cc0830,0x00000000d9000000)
  from space 5120K, 99% used [0x00000000d9500000,0x00000000d99f9288,0x00000000d9a00000)
  to   space 5120K, 0% used [0x00000000d9000000,0x00000000d9000000,0x00000000d9500000)
 ParOldGen       total 84992K, used 20354K [0x0000000085200000, 0x000000008a500000, 0x00000000d7100000)
  object space 84992K, 23% used [0x0000000085200000,0x00000000865e0bc0,0x000000008a500000)
 Metaspace       used 20457K, capacity 21146K, committed 21248K, reserved 1067008K
  class space    used 2806K, capacity 2983K, committed 3072K, reserved 1048576K
Event: 3.839 GC heap after
Heap after GC invocations=3 (full 0):
 PSYoungGen      total 36864K, used 5088K [0x00000000d7100000, 0x00000000d9a00000, 0x0000000100000000)
  eden space 31744K, 0% used [0x00000000d7100000,0x00000000d7100000,0x00000000d9000000)
  from space 5120K, 99% used [0x00000000d9000000,0x00000000d94f8008,0x00000000d9500000)
  to   space 5120K, 0% used [0x00000000d9500000,0x00000000d9500000,0x00000000d9a00000)
 ParOldGen       total 84992K, used 23181K [0x0000000085200000, 0x000000008a500000, 0x00000000d7100000)
  object space 84992K, 27% used [0x0000000085200000,0x00000000868a3728,0x000000008a500000)
 Metaspace       used 20457K, capacity 21146K, committed 21248K, reserved 1067008K
  class space    used 2806K, capacity 2983K, committed 3072K, reserved 1048576K
}
Event: 3.839 GC heap before
{Heap before GC invocations=4 (full 1):
 PSYoungGen      total 36864K, used 5088K [0x00000000d7100000, 0x00000000d9a00000, 0x0000000100000000)
  eden space 31744K, 0% used [0x00000000d7100000,0x00000000d7100000,0x00000000d9000000)
  from space 5120K, 99% used [0x00000000d9000000,0x00000000d94f8008,0x00000000d9500000)
  to   space 5120K, 0% used [0x00000000d9500000,0x00000000d9500000,0x00000000d9a00000)
 ParOldGen       total 84992K, used 23181K [0x0000000085200000, 0x000000008a500000, 0x00000000d7100000)
  object space 84992K, 27% used [0x0000000085200000,0x00000000868a3728,0x000000008a500000)
 Metaspace       used 20457K, capacity 21146K, committed 21248K, reserved 1067008K
  class space    used 2806K, capacity 2983K, committed 3072K, reserved 1048576K
Event: 3.874 GC heap after
Heap after GC invocations=4 (full 1):
 PSYoungGen      total 36864K, used 0K [0x00000000d7100000, 0x00000000d9a00000, 0x0000000100000000)
  eden space 31744K, 0% used [0x00000000d7100000,0x00000000d7100000,0x00000000d9000000)
  from space 5120K, 0% used [0x00000000d9000000,0x00000000d9000000,0x00000000d9500000)
  to   space 5120K, 0% used [0x00000000d9500000,0x00000000d9500000,0x00000000d9a00000)
 ParOldGen       total 84992K, used 27058K [0x0000000085200000, 0x000000008a500000, 0x00000000d7100000)
  object space 84992K, 31% used [0x0000000085200000,0x0000000086c6cb40,0x000000008a500000)
 Metaspace       used 20457K, capacity 21146K, committed 21248K, reserved 1067008K
  class space    used 2806K, capacity 2983K, committed 3072K, reserved 1048576K
}

