# JRE version: Java(TM) SE Runtime Environment (8.0_91-b14) (build 1.8.0_91-b14)
# Java VM: Java HotSpot(TM) 64-Bit Server VM (25.91-b14 mixed mode linux-amd64 compressed oops)
Heap:
 PSYoungGen      total 68608K, used 4973K [0x00000000d7100000, 0x00000000db900000, 0x0000000100000000)
  eden space 63488K, 7% used [0x00000000d7100000,0x00000000d75db4c0,0x00000000daf00000)
  from space 5120K, 0% used [0x00000000daf00000,0x00000000daf00000,0x00000000db400000)
  to   space 5120K, 0% used [0x00000000db400000,0x00000000db400000,0x00000000db900000)
 ParOldGen       total 81920K, used 27080K [0x0000000085200000, 0x000000008a200000, 0x00000000d7100000)
  object space 81920K, 33% used [0x0000000085200000,0x0000000086c721f0,0x000000008a200000)
 Metaspace       used 21378K, capacity 22270K, committed 22528K, reserved 1069056K
  class space    used 3034K, capacity 3231K, committed 3328K, reserved 1048576K
GC Heap History (8 events):
Event: 1.596 GC heap before
{Heap before GC invocations=1 (full 0):
 PSYoungGen      total 36864K, used 31744K [0x00000000d7100000, 0x00000000d9a00000, 0x0000000100000000)
  eden space 31744K, 100% used [0x00000000d7100000,0x00000000d9000000,0x00000000d9000000)
  from space 5120K, 0% used [0x00000000d9500000,0x00000000d9500000,0x00000000d9a00000)
  to   space 5120K, 0% used [0x00000000d9000000,0x00000000d9000000,0x00000000d9500000)
 ParOldGen       total 84992K, used 17578K [0x0000000085200000, 0x000000008a500000, 0x00000000d7100000)
  object space 84992K, 20% used [0x0000000085200000,0x000000008632a890,0x000000008a500000)
 Metaspace       used 12541K, capacity 13100K, committed 13312K, reserved 1060864K
  class space    used 1745K, capacity 1925K, committed 2048K, reserved 1048576K
Event: 1.617 GC heap after
Heap after GC invocations=1 (full 0):
 PSYoungGen      total 36864K, used 4740K [0x00000000d7100000, 0x00000000db900000, 0x0000000100000000)
  eden space 31744K, 0% used [0x00000000d7100000,0x00000000d7100000,0x00000000d9000000)
  from space 5120K, 92% used [0x00000000d9000000,0x00000000d94a1288,0x00000000d9500000)
  to   space 5120K, 0% used [0x00000000db400000,0x00000000db400000,0x00000000db900000)
 ParOldGen       total 84992K, used 17586K [0x0000000085200000, 0x000000008a500000, 0x00000000d7100000)
  object space 84992K, 20% used [0x0000000085200000,0x000000008632c890,0x000000008a500000)
 Metaspace       used 12541K, capacity 13100K, committed 13312K, reserved 1060864K
  class space    used 1745K, capacity 1925K, committed 2048K, reserved 1048576K
}
Event: 2.686 GC heap before
{Heap before GC invocations=2 (full 0):
 PSYoungGen      total 36864K, used 36484K [0x00000000d7100000, 0x00000000db900000, 0x0000000100000000)
  eden space 31744K, 100% used [0x00000000d7100000,0x00000000d9000000,0x00000000d9000000)
  from space 5120K, 92% used [0x00000000d9000000,0x00000000d94a1288,0x00000000d9500000)
  to   space 5120K, 0% used [0x00000000db400000,0x00000000db400000,0x00000000db900000)
 ParOldGen       total 84992K, used 17586K [0x0000000085200000, 0x000000008a500000, 0x00000000d7100000)
  object space 84992K, 20% used [0x0000000085200000,0x000000008632c890,0x000000008a500000)
 Metaspace       used 18208K, capacity 18826K, committed 19072K, reserved 1064960K
  class space    used 2455K, capacity 2619K, committed 2688K, reserved 1048576K
Event: 2.694 GC heap after
Heap after GC invocations=2 (full 0):
 PSYoungGen      total 68608K, used 5105K [0x00000000d7100000, 0x00000000db900000, 0x0000000100000000)
  eden space 63488K, 0% used [0x00000000d7100000,0x00000000d7100000,0x00000000daf00000)
  from space 5120K, 99% used [0x00000000db400000,0x00000000db8fc4f0,0x00000000db900000)
  to   space 5120K, 0% used [0x00000000daf00000,0x00000000daf00000,0x00000000db400000)
 ParOldGen       total 84992K, used 20387K [0x0000000085200000, 0x000000008a500000, 0x00000000d7100000)
  object space 84992K, 23% used [0x0000000085200000,0x00000000865e8c00,0x000000008a500000)
 Metaspace       used 18208K, capacity 18826K, committed 19072K, reserved 1064960K
  class space    used 2455K, capacity 2619K, committed 2688K, reserved 1048576K
}
Event: 3.797 GC heap before
{Heap before GC invocations=3 (full 0):
 PSYoungGen      total 68608K, used 18574K [0x00000000d7100000, 0x00000000db900000, 0x0000000100000000)
  eden space 63488K, 21% used [0x00000000d7100000,0x00000000d7e276a0,0x00000000daf00000)
  from space 5120K, 99% used [0x00000000db400000,0x00000000db8fc4f0,0x00000000db900000)
  to   space 5120K, 0% used [0x00000000daf00000,0x00000000daf00000,0x00000000db400000)
 ParOldGen       total 84992K, used 20387K [0x0000000085200000, 0x000000008a500000, 0x00000000d7100000)
  object space 84992K, 23% used [0x0000000085200000,0x00000000865e8c00,0x000000008a500000)
 Metaspace       used 20444K, capacity 21182K, committed 21248K, reserved 1067008K
  class space    used 2819K, capacity 3007K, committed 3072K, reserved 1048576K
Event: 3.807 GC heap after
Heap after GC invocations=3 (full 0):
 PSYoungGen      total 68608K, used 5108K [0x00000000d7100000, 0x00000000db900000, 0x0000000100000000)
  eden space 63488K, 0% used [0x00000000d7100000,0x00000000d7100000,0x00000000daf00000)
  from space 5120K, 99% used [0x00000000daf00000,0x00000000db3fd298,0x00000000db400000)
  to   space 5120K, 0% used [0x00000000db400000,0x00000000db400000,0x00000000db900000)
 ParOldGen       total 84992K, used 23163K [0x0000000085200000, 0x000000008a500000, 0x00000000d7100000)
  object space 84992K, 27% used [0x0000000085200000,0x000000008689ede8,0x000000008a500000)
 Metaspace       used 20444K, capacity 21182K, committed 21248K, reserved 1067008K
  class space    used 2819K, capacity 3007K, committed 3072K, reserved 1048576K
}
Event: 3.807 GC heap before
{Heap before GC invocations=4 (full 1):
 PSYoungGen      total 68608K, used 5108K [0x00000000d7100000, 0x00000000db900000, 0x0000000100000000)
  eden space 63488K, 0% used [0x00000000d7100000,0x00000000d7100000,0x00000000daf00000)
  from space 5120K, 99% used [0x00000000daf00000,0x00000000db3fd298,0x00000000db400000)
  to   space 5120K, 0% used [0x00000000db400000,0x00000000db400000,0x00000000db900000)
 ParOldGen       total 84992K, used 23163K [0x0000000085200000, 0x000000008a500000, 0x00000000d7100000)
  object space 84992K, 27% used [0x0000000085200000,0x000000008689ede8,0x000000008a500000)
 Metaspace       used 20444K, capacity 21182K, committed 21248K, reserved 1067008K
  class space    used 2819K, capacity 3007K, committed 3072K, reserved 1048576K
Event: 3.845 GC heap after
Heap after GC invocations=4 (full 1):
 PSYoungGen      total 68608K, used 0K [0x00000000d7100000, 0x00000000db900000, 0x0000000100000000)
  eden space 63488K, 0% used [0x00000000d7100000,0x00000000d7100000,0x00000000daf00000)
  from space 5120K, 0% used [0x00000000daf00000,0x00000000daf00000,0x00000000db400000)
  to   space 5120K, 0% used [0x00000000db400000,0x00000000db400000,0x00000000db900000)
 ParOldGen       total 81920K, used 27080K [0x0000000085200000, 0x000000008a200000, 0x00000000d7100000)
  object space 81920K, 33% used [0x0000000085200000,0x0000000086c721f0,0x000000008a200000)
 Metaspace       used 20444K, capacity 21182K, committed 21248K, reserved 1067008K
  class space    used 2819K, capacity 3007K, committed 3072K, reserved 1048576K
}

