# JRE version: Java(TM) SE Runtime Environment (8.0_91-b14) (build 1.8.0_91-b14)
# Java VM: Java HotSpot(TM) 64-Bit Server VM (25.91-b14 mixed mode linux-amd64 compressed oops)
Heap:
 PSYoungGen      total 36864K, used 5325K [0x00000000d7100000, 0x00000000d9a00000, 0x0000000100000000)
  eden space 31744K, 16% used [0x00000000d7100000,0x00000000d76335f8,0x00000000d9000000)
  from space 5120K, 0% used [0x00000000d9000000,0x00000000d9000000,0x00000000d9500000)
  to   space 5120K, 0% used [0x00000000d9500000,0x00000000d9500000,0x00000000d9a00000)
 ParOldGen       total 84480K, used 27081K [0x0000000085200000, 0x000000008a480000, 0x00000000d7100000)
  object space 84480K, 32% used [0x0000000085200000,0x0000000086c726d8,0x000000008a480000)
 Metaspace       used 21427K, capacity 22300K, committed 22528K, reserved 1069056K
  class space    used 3034K, capacity 3236K, committed 3328K, reserved 1048576K
GC Heap History (8 events):
Event: 2.072 GC heap before
{Heap before GC invocations=1 (full 0):
 PSYoungGen      total 36864K, used 31744K [0x00000000d7100000, 0x00000000d9a00000, 0x0000000100000000)
  eden space 31744K, 100% used [0x00000000d7100000,0x00000000d9000000,0x00000000d9000000)
  from space 5120K, 0% used [0x00000000d9500000,0x00000000d9500000,0x00000000d9a00000)
  to   space 5120K, 0% used [0x00000000d9000000,0x00000000d9000000,0x00000000d9500000)
 ParOldGen       total 84992K, used 17578K [0x0000000085200000, 0x000000008a500000, 0x00000000d7100000)
  object space 84992K, 20% used [0x0000000085200000,0x000000008632a890,0x000000008a500000)
 Metaspace       used 12446K, capacity 12986K, committed 13184K, reserved 1060864K
  class space    used 1728K, capacity 1884K, committed 1920K, reserved 1048576K
Event: 2.080 GC heap after
Heap after GC invocations=1 (full 0):
 PSYoungGen      total 36864K, used 4820K [0x00000000d7100000, 0x00000000d9a00000, 0x0000000100000000)
  eden space 31744K, 0% used [0x00000000d7100000,0x00000000d7100000,0x00000000d9000000)
  from space 5120K, 94% used [0x00000000d9000000,0x00000000d94b5278,0x00000000d9500000)
  to   space 5120K, 0% used [0x00000000d9500000,0x00000000d9500000,0x00000000d9a00000)
 ParOldGen       total 84992K, used 17594K [0x0000000085200000, 0x000000008a500000, 0x00000000d7100000)
  object space 84992K, 20% used [0x0000000085200000,0x000000008632e890,0x000000008a500000)
 Metaspace       used 12446K, capacity 12986K, committed 13184K, reserved 1060864K
  class space    used 1728K, capacity 1884K, committed 1920K, reserved 1048576K
}
Event: 3.155 GC heap before
{Heap before GC invocations=2 (full 0):
 PSYoungGen      total 36864K, used 36564K [0x00000000d7100000, 0x00000000d9a00000, 0x0000000100000000)
  eden space 31744K, 100% used [0x00000000d7100000,0x00000000d9000000,0x00000000d9000000)
  from space 5120K, 94% used [0x00000000d9000000,0x00000000d94b5278,0x00000000d9500000)
  to   space 5120K, 0% used [0x00000000d9500000,0x00000000d9500000,0x00000000d9a00000)
 ParOldGen       total 84992K, used 17594K [0x0000000085200000, 0x000000008a500000, 0x00000000d7100000)
  object space 84992K, 20% used [0x0000000085200000,0x000000008632e890,0x000000008a500000)
 Metaspace       used 18072K, capacity 18698K, committed 18816K, reserved 1064960K
  class space    used 2429K, capacity 2619K, committed 2688K, reserved 1048576K
Event: 3.163 GC heap after
Heap after GC invocations=2 (full 0):
 PSYoungGen      total 36864K, used 5089K [0x00000000d7100000, 0x00000000d9a00000, 0x0000000100000000)
  eden space 31744K, 0% used [0x00000000d7100000,0x00000000d7100000,0x00000000d9000000)
  from space 5120K, 99% used [0x00000000d9500000,0x00000000d99f84e0,0x00000000d9a00000)
  to   space 5120K, 0% used [0x00000000d9000000,0x00000000d9000000,0x00000000d9500000)
 ParOldGen       total 84992K, used 20349K [0x0000000085200000, 0x000000008a500000, 0x00000000d7100000)
  object space 84992K, 23% used [0x0000000085200000,0x00000000865df548,0x000000008a500000)
 Metaspace       used 18072K, capacity 18698K, committed 18816K, reserved 1064960K
  class space    used 2429K, capacity 2619K, committed 2688K, reserved 1048576K
}
Event: 4.334 GC heap before
{Heap before GC invocations=3 (full 0):
 PSYoungGen      total 36864K, used 17482K [0x00000000d7100000, 0x00000000d9a00000, 0x0000000100000000)
  eden space 31744K, 39% used [0x00000000d7100000,0x00000000d7d1a368,0x00000000d9000000)
  from space 5120K, 99% used [0x00000000d9500000,0x00000000d99f84e0,0x00000000d9a00000)
  to   space 5120K, 0% used [0x00000000d9000000,0x00000000d9000000,0x00000000d9500000)
 ParOldGen       total 84992K, used 20349K [0x0000000085200000, 0x000000008a500000, 0x00000000d7100000)
  object space 84992K, 23% used [0x0000000085200000,0x00000000865df548,0x000000008a500000)
 Metaspace       used 20457K, capacity 21172K, committed 21296K, reserved 1067008K
  class space    used 2812K, capacity 2988K, committed 3072K, reserved 1048576K
Event: 4.340 GC heap after
Heap after GC invocations=3 (full 0):
 PSYoungGen      total 36864K, used 5113K [0x00000000d7100000, 0x00000000d9a00000, 0x0000000100000000)
  eden space 31744K, 0% used [0x00000000d7100000,0x00000000d7100000,0x00000000d9000000)
  from space 5120K, 99% used [0x00000000d9000000,0x00000000d94fe4c8,0x00000000d9500000)
  to   space 5120K, 0% used [0x00000000d9500000,0x00000000d9500000,0x00000000d9a00000)
 ParOldGen       total 84992K, used 23129K [0x0000000085200000, 0x000000008a500000, 0x00000000d7100000)
  object space 84992K, 27% used [0x0000000085200000,0x0000000086896478,0x000000008a500000)
 Metaspace       used 20457K, capacity 21172K, committed 21296K, reserved 1067008K
  class space    used 2812K, capacity 2988K, committed 3072K, reserved 1048576K
}
Event: 4.340 GC heap before
{Heap before GC invocations=4 (full 1):
 PSYoungGen      total 36864K, used 5113K [0x00000000d7100000, 0x00000000d9a00000, 0x0000000100000000)
  eden space 31744K, 0% used [0x00000000d7100000,0x00000000d7100000,0x00000000d9000000)
  from space 5120K, 99% used [0x00000000d9000000,0x00000000d94fe4c8,0x00000000d9500000)
  to   space 5120K, 0% used [0x00000000d9500000,0x00000000d9500000,0x00000000d9a00000)
 ParOldGen       total 84992K, used 23129K [0x0000000085200000, 0x000000008a500000, 0x00000000d7100000)
  object space 84992K, 27% used [0x0000000085200000,0x0000000086896478,0x000000008a500000)
 Metaspace       used 20457K, capacity 21172K, committed 21296K, reserved 1067008K
  class space    used 2812K, capacity 2988K, committed 3072K, reserved 1048576K
Event: 4.372 GC heap after
Heap after GC invocations=4 (full 1):
 PSYoungGen      total 36864K, used 0K [0x00000000d7100000, 0x00000000d9a00000, 0x0000000100000000)
  eden space 31744K, 0% used [0x00000000d7100000,0x00000000d7100000,0x00000000d9000000)
  from space 5120K, 0% used [0x00000000d9000000,0x00000000d9000000,0x00000000d9500000)
  to   space 5120K, 0% used [0x00000000d9500000,0x00000000d9500000,0x00000000d9a00000)
 ParOldGen       total 84480K, used 27081K [0x0000000085200000, 0x000000008a480000, 0x00000000d7100000)
  object space 84480K, 32% used [0x0000000085200000,0x0000000086c726d8,0x000000008a480000)
 Metaspace       used 20457K, capacity 21172K, committed 21296K, reserved 1067008K
  class space    used 2812K, capacity 2988K, committed 3072K, reserved 1048576K
}

