# JRE version: Java(TM) SE Runtime Environment (8.0_91-b14) (build 1.8.0_91-b14)
# Java VM: Java HotSpot(TM) 64-Bit Server VM (25.91-b14 mixed mode linux-amd64 compressed oops)
Heap:
 PSYoungGen      total 68608K, used 6132K [0x00000000d7100000, 0x00000000df700000, 0x0000000100000000)
  eden space 63488K, 9% used [0x00000000d7100000,0x00000000d76fd170,0x00000000daf00000)
  from space 5120K, 0% used [0x00000000daf00000,0x00000000daf00000,0x00000000db400000)
  to   space 5120K, 0% used [0x00000000df200000,0x00000000df200000,0x00000000df700000)
 ParOldGen       total 80896K, used 27063K [0x0000000085200000, 0x000000008a100000, 0x00000000d7100000)
  object space 80896K, 33% used [0x0000000085200000,0x0000000086c6de60,0x000000008a100000)
 Metaspace       used 21416K, capacity 22206K, committed 22528K, reserved 1069056K
  class space    used 3035K, capacity 3231K, committed 3328K, reserved 1048576K
GC Heap History (8 events):
Event: 1.556 GC heap before
{Heap before GC invocations=1 (full 0):
 PSYoungGen      total 36864K, used 31744K [0x00000000d7100000, 0x00000000d9a00000, 0x0000000100000000)
  eden space 31744K, 100% used [0x00000000d7100000,0x00000000d9000000,0x00000000d9000000)
  from space 5120K, 0% used [0x00000000d9500000,0x00000000d9500000,0x00000000d9a00000)
  to   space 5120K, 0% used [0x00000000d9000000,0x00000000d9000000,0x00000000d9500000)
 ParOldGen       total 84992K, used 17578K [0x0000000085200000, 0x000000008a500000, 0x00000000d7100000)
  object space 84992K, 20% used [0x0000000085200000,0x000000008632a890,0x000000008a500000)
 Metaspace       used 12551K, capacity 13088K, committed 13184K, reserved 1060864K
  class space    used 1742K, capacity 1917K, committed 1920K, reserved 1048576K
Event: 1.582 GC heap after
Heap after GC invocations=1 (full 0):
 PSYoungGen      total 36864K, used 4775K [0x00000000d7100000, 0x00000000db900000, 0x0000000100000000)
  eden space 31744K, 0% used [0x00000000d7100000,0x00000000d7100000,0x00000000d9000000)
  from space 5120K, 93% used [0x00000000d9000000,0x00000000d94a9cf8,0x00000000d9500000)
  to   space 5120K, 0% used [0x00000000db400000,0x00000000db400000,0x00000000db900000)
 ParOldGen       total 84992K, used 17586K [0x0000000085200000, 0x000000008a500000, 0x00000000d7100000)
  object space 84992K, 20% used [0x0000000085200000,0x000000008632c890,0x000000008a500000)
 Metaspace       used 12551K, capacity 13088K, committed 13184K, reserved 1060864K
  class space    used 1742K, capacity 1917K, committed 1920K, reserved 1048576K
}
Event: 2.977 GC heap before
{Heap before GC invocations=2 (full 0):
 PSYoungGen      total 36864K, used 36519K [0x00000000d7100000, 0x00000000db900000, 0x0000000100000000)
  eden space 31744K, 100% used [0x00000000d7100000,0x00000000d9000000,0x00000000d9000000)
  from space 5120K, 93% used [0x00000000d9000000,0x00000000d94a9cf8,0x00000000d9500000)
  to   space 5120K, 0% used [0x00000000db400000,0x00000000db400000,0x00000000db900000)
 ParOldGen       total 84992K, used 17586K [0x0000000085200000, 0x000000008a500000, 0x00000000d7100000)
  object space 84992K, 20% used [0x0000000085200000,0x000000008632c890,0x000000008a500000)
 Metaspace       used 18211K, capacity 18766K, committed 19072K, reserved 1064960K
  class space    used 2453K, capacity 2619K, committed 2688K, reserved 1048576K
Event: 2.987 GC heap after
Heap after GC invocations=2 (full 0):
 PSYoungGen      total 68608K, used 5091K [0x00000000d7100000, 0x00000000db900000, 0x0000000100000000)
  eden space 63488K, 0% used [0x00000000d7100000,0x00000000d7100000,0x00000000daf00000)
  from space 5120K, 99% used [0x00000000db400000,0x00000000db8f8f70,0x00000000db900000)
  to   space 5120K, 0% used [0x00000000daf00000,0x00000000daf00000,0x00000000db400000)
 ParOldGen       total 84992K, used 20399K [0x0000000085200000, 0x000000008a500000, 0x00000000d7100000)
  object space 84992K, 24% used [0x0000000085200000,0x00000000865ebe38,0x000000008a500000)
 Metaspace       used 18211K, capacity 18766K, committed 19072K, reserved 1064960K
  class space    used 2453K, capacity 2619K, committed 2688K, reserved 1048576K
}
Event: 4.298 GC heap before
{Heap before GC invocations=3 (full 0):
 PSYoungGen      total 68608K, used 18752K [0x00000000d7100000, 0x00000000db900000, 0x0000000100000000)
  eden space 63488K, 21% used [0x00000000d7100000,0x00000000d7e57298,0x00000000daf00000)
  from space 5120K, 99% used [0x00000000db400000,0x00000000db8f8f70,0x00000000db900000)
  to   space 5120K, 0% used [0x00000000daf00000,0x00000000daf00000,0x00000000db400000)
 ParOldGen       total 84992K, used 20399K [0x0000000085200000, 0x000000008a500000, 0x00000000d7100000)
  object space 84992K, 24% used [0x0000000085200000,0x00000000865ebe38,0x000000008a500000)
 Metaspace       used 20406K, capacity 21140K, committed 21248K, reserved 1067008K
  class space    used 2788K, capacity 2982K, committed 3072K, reserved 1048576K
Event: 4.307 GC heap after
Heap after GC invocations=3 (full 0):
 PSYoungGen      total 68608K, used 5113K [0x00000000d7100000, 0x00000000df700000, 0x0000000100000000)
  eden space 63488K, 0% used [0x00000000d7100000,0x00000000d7100000,0x00000000daf00000)
  from space 5120K, 99% used [0x00000000daf00000,0x00000000db3fe4e8,0x00000000db400000)
  to   space 5120K, 0% used [0x00000000df200000,0x00000000df200000,0x00000000df700000)
 ParOldGen       total 84992K, used 23173K [0x0000000085200000, 0x000000008a500000, 0x00000000d7100000)
  object space 84992K, 27% used [0x0000000085200000,0x00000000868a1418,0x000000008a500000)
 Metaspace       used 20406K, capacity 21140K, committed 21248K, reserved 1067008K
  class space    used 2788K, capacity 2982K, committed 3072K, reserved 1048576K
}
Event: 4.307 GC heap before
{Heap before GC invocations=4 (full 1):
 PSYoungGen      total 68608K, used 5113K [0x00000000d7100000, 0x00000000df700000, 0x0000000100000000)
  eden space 63488K, 0% used [0x00000000d7100000,0x00000000d7100000,0x00000000daf00000)
  from space 5120K, 99% used [0x00000000daf00000,0x00000000db3fe4e8,0x00000000db400000)
  to   space 5120K, 0% used [0x00000000df200000,0x00000000df200000,0x00000000df700000)
 ParOldGen       total 84992K, used 23173K [0x0000000085200000, 0x000000008a500000, 0x00000000d7100000)
  object space 84992K, 27% used [0x0000000085200000,0x00000000868a1418,0x000000008a500000)
 Metaspace       used 20406K, capacity 21140K, committed 21248K, reserved 1067008K
  class space    used 2788K, capacity 2982K, committed 3072K, reserved 1048576K
Event: 4.346 GC heap after
Heap after GC invocations=4 (full 1):
 PSYoungGen      total 68608K, used 0K [0x00000000d7100000, 0x00000000df700000, 0x0000000100000000)
  eden space 63488K, 0% used [0x00000000d7100000,0x00000000d7100000,0x00000000daf00000)
  from space 5120K, 0% used [0x00000000daf00000,0x00000000daf00000,0x00000000db400000)
  to   space 5120K, 0% used [0x00000000df200000,0x00000000df200000,0x00000000df700000)
 ParOldGen       total 80896K, used 27063K [0x0000000085200000, 0x000000008a100000, 0x00000000d7100000)
  object space 80896K, 33% used [0x0000000085200000,0x0000000086c6de60,0x000000008a100000)
 Metaspace       used 20406K, capacity 21140K, committed 21248K, reserved 1067008K
  class space    used 2788K, capacity 2982K, committed 3072K, reserved 1048576K
}

