# JRE version: Java(TM) SE Runtime Environment (8.0_91-b14) (build 1.8.0_91-b14)
# Java VM: Java HotSpot(TM) 64-Bit Server VM (25.91-b14 mixed mode linux-amd64 compressed oops)
Heap:
 PSYoungGen      total 68608K, used 7280K [0x00000000d7100000, 0x00000000df700000, 0x0000000100000000)
  eden space 63488K, 11% used [0x00000000d7100000,0x00000000d781c398,0x00000000daf00000)
  from space 5120K, 0% used [0x00000000daf00000,0x00000000daf00000,0x00000000db400000)
  to   space 5120K, 0% used [0x00000000df200000,0x00000000df200000,0x00000000df700000)
 ParOldGen       total 77824K, used 27103K [0x0000000085200000, 0x0000000089e00000, 0x00000000d7100000)
  object space 77824K, 34% used [0x0000000085200000,0x0000000086c77fa8,0x0000000089e00000)
 Metaspace       used 21692K, capacity 22550K, committed 22784K, reserved 1069056K
  class space    used 3053K, capacity 3235K, committed 3328K, reserved 1048576K
GC Heap History (8 events):
Event: 1.589 GC heap before
{Heap before GC invocations=1 (full 0):
 PSYoungGen      total 36864K, used 31744K [0x00000000d7100000, 0x00000000d9a00000, 0x0000000100000000)
  eden space 31744K, 100% used [0x00000000d7100000,0x00000000d9000000,0x00000000d9000000)
  from space 5120K, 0% used [0x00000000d9500000,0x00000000d9500000,0x00000000d9a00000)
  to   space 5120K, 0% used [0x00000000d9000000,0x00000000d9000000,0x00000000d9500000)
 ParOldGen       total 84992K, used 17578K [0x0000000085200000, 0x000000008a500000, 0x00000000d7100000)
  object space 84992K, 20% used [0x0000000085200000,0x000000008632a890,0x000000008a500000)
 Metaspace       used 12505K, capacity 13086K, committed 13184K, reserved 1060864K
  class space    used 1740K, capacity 1918K, committed 1920K, reserved 1048576K
Event: 1.625 GC heap after
Heap after GC invocations=1 (full 0):
 PSYoungGen      total 36864K, used 4743K [0x00000000d7100000, 0x00000000db900000, 0x0000000100000000)
  eden space 31744K, 0% used [0x00000000d7100000,0x00000000d7100000,0x00000000d9000000)
  from space 5120K, 92% used [0x00000000d9000000,0x00000000d94a1cf8,0x00000000d9500000)
  to   space 5120K, 0% used [0x00000000db400000,0x00000000db400000,0x00000000db900000)
 ParOldGen       total 84992K, used 17586K [0x0000000085200000, 0x000000008a500000, 0x00000000d7100000)
  object space 84992K, 20% used [0x0000000085200000,0x000000008632c890,0x000000008a500000)
 Metaspace       used 12505K, capacity 13086K, committed 13184K, reserved 1060864K
  class space    used 1740K, capacity 1918K, committed 1920K, reserved 1048576K
}
Event: 2.768 GC heap before
{Heap before GC invocations=2 (full 0):
 PSYoungGen      total 36864K, used 36487K [0x00000000d7100000, 0x00000000db900000, 0x0000000100000000)
  eden space 31744K, 100% used [0x00000000d7100000,0x00000000d9000000,0x00000000d9000000)
  from space 5120K, 92% used [0x00000000d9000000,0x00000000d94a1cf8,0x00000000d9500000)
  to   space 5120K, 0% used [0x00000000db400000,0x00000000db400000,0x00000000db900000)
 ParOldGen       total 84992K, used 17586K [0x0000000085200000, 0x000000008a500000, 0x00000000d7100000)
  object space 84992K, 20% used [0x0000000085200000,0x000000008632c890,0x000000008a500000)
 Metaspace       used 18075K, capacity 18702K, committed 18816K, reserved 1064960K
  class space    used 2432K, capacity 2619K, committed 2688K, reserved 1048576K
Event: 2.780 GC heap after
Heap after GC invocations=2 (full 0):
 PSYoungGen      total 68608K, used 5105K [0x00000000d7100000, 0x00000000db900000, 0x0000000100000000)
  eden space 63488K, 0% used [0x00000000d7100000,0x00000000d7100000,0x00000000daf00000)
  from space 5120K, 99% used [0x00000000db400000,0x00000000db8fc4f0,0x00000000db900000)
  to   space 5120K, 0% used [0x00000000daf00000,0x00000000daf00000,0x00000000db400000)
 ParOldGen       total 84992K, used 20326K [0x0000000085200000, 0x000000008a500000, 0x00000000d7100000)
  object space 84992K, 23% used [0x0000000085200000,0x00000000865d9958,0x000000008a500000)
 Metaspace       used 18075K, capacity 18702K, committed 18816K, reserved 1064960K
  class space    used 2432K, capacity 2619K, committed 2688K, reserved 1048576K
}
Event: 4.912 GC heap before
{Heap before GC invocations=3 (full 0):
 PSYoungGen      total 68608K, used 18435K [0x00000000d7100000, 0x00000000db900000, 0x0000000100000000)
  eden space 63488K, 20% used [0x00000000d7100000,0x00000000d7e04a98,0x00000000daf00000)
  from space 5120K, 99% used [0x00000000db400000,0x00000000db8fc4f0,0x00000000db900000)
  to   space 5120K, 0% used [0x00000000daf00000,0x00000000daf00000,0x00000000db400000)
 ParOldGen       total 84992K, used 20326K [0x0000000085200000, 0x000000008a500000, 0x00000000d7100000)
  object space 84992K, 23% used [0x0000000085200000,0x00000000865d9958,0x000000008a500000)
 Metaspace       used 20468K, capacity 21190K, committed 21296K, reserved 1067008K
  class space    used 2821K, capacity 2991K, committed 3072K, reserved 1048576K
Event: 4.922 GC heap after
Heap after GC invocations=3 (full 0):
 PSYoungGen      total 68608K, used 5113K [0x00000000d7100000, 0x00000000df700000, 0x0000000100000000)
  eden space 63488K, 0% used [0x00000000d7100000,0x00000000d7100000,0x00000000daf00000)
  from space 5120K, 99% used [0x00000000daf00000,0x00000000db3fe4d8,0x00000000db400000)
  to   space 5120K, 0% used [0x00000000df200000,0x00000000df200000,0x00000000df700000)
 ParOldGen       total 84992K, used 23176K [0x0000000085200000, 0x000000008a500000, 0x00000000d7100000)
  object space 84992K, 27% used [0x0000000085200000,0x00000000868a2248,0x000000008a500000)
 Metaspace       used 20468K, capacity 21190K, committed 21296K, reserved 1067008K
  class space    used 2821K, capacity 2991K, committed 3072K, reserved 1048576K
}
Event: 4.922 GC heap before
{Heap before GC invocations=4 (full 1):
 PSYoungGen      total 68608K, used 5113K [0x00000000d7100000, 0x00000000df700000, 0x0000000100000000)
  eden space 63488K, 0% used [0x00000000d7100000,0x00000000d7100000,0x00000000daf00000)
  from space 5120K, 99% used [0x00000000daf00000,0x00000000db3fe4d8,0x00000000db400000)
  to   space 5120K, 0% used [0x00000000df200000,0x00000000df200000,0x00000000df700000)
 ParOldGen       total 84992K, used 23176K [0x0000000085200000, 0x000000008a500000, 0x00000000d7100000)
  object space 84992K, 27% used [0x0000000085200000,0x00000000868a2248,0x000000008a500000)
 Metaspace       used 20468K, capacity 21190K, committed 21296K, reserved 1067008K
  class space    used 2821K, capacity 2991K, committed 3072K, reserved 1048576K
Event: 4.959 GC heap after
Heap after GC invocations=4 (full 1):
 PSYoungGen      total 68608K, used 0K [0x00000000d7100000, 0x00000000df700000, 0x0000000100000000)
  eden space 63488K, 0% used [0x00000000d7100000,0x00000000d7100000,0x00000000daf00000)
  from space 5120K, 0% used [0x00000000daf00000,0x00000000daf00000,0x00000000db400000)
  to   space 5120K, 0% used [0x00000000df200000,0x00000000df200000,0x00000000df700000)
 ParOldGen       total 77824K, used 27103K [0x0000000085200000, 0x0000000089e00000, 0x00000000d7100000)
  object space 77824K, 34% used [0x0000000085200000,0x0000000086c77fa8,0x0000000089e00000)
 Metaspace       used 20468K, capacity 21190K, committed 21296K, reserved 1067008K
  class space    used 2821K, capacity 2991K, committed 3072K, reserved 1048576K
}

