# JRE version: Java(TM) SE Runtime Environment (8.0_91-b14) (build 1.8.0_91-b14)
# Java VM: Java HotSpot(TM) 64-Bit Server VM (25.91-b14 mixed mode linux-amd64 compressed oops)
Heap:
 PSYoungGen      total 36864K, used 4932K [0x00000000d7100000, 0x00000000db480000, 0x0000000100000000)
  eden space 31744K, 15% used [0x00000000d7100000,0x00000000d75d1210,0x00000000d9000000)
  from space 5120K, 0% used [0x00000000d9000000,0x00000000d9000000,0x00000000d9500000)
  to   space 5120K, 0% used [0x00000000daf80000,0x00000000daf80000,0x00000000db480000)
 ParOldGen       total 81920K, used 27074K [0x0000000085200000, 0x000000008a200000, 0x00000000d7100000)
  object space 81920K, 33% used [0x0000000085200000,0x0000000086c709a8,0x000000008a200000)
 Metaspace       used 21388K, capacity 22270K, committed 22528K, reserved 1069056K
  class space    used 3037K, capacity 3231K, committed 3328K, reserved 1048576K
GC Heap History (8 events):
Event: 1.604 GC heap before
{Heap before GC invocations=1 (full 0):
 PSYoungGen      total 36864K, used 31744K [0x00000000d7100000, 0x00000000d9a00000, 0x0000000100000000)
  eden space 31744K, 100% used [0x00000000d7100000,0x00000000d9000000,0x00000000d9000000)
  from space 5120K, 0% used [0x00000000d9500000,0x00000000d9500000,0x00000000d9a00000)
  to   space 5120K, 0% used [0x00000000d9000000,0x00000000d9000000,0x00000000d9500000)
 ParOldGen       total 84992K, used 17578K [0x0000000085200000, 0x000000008a500000, 0x00000000d7100000)
  object space 84992K, 20% used [0x0000000085200000,0x000000008632a890,0x000000008a500000)
 Metaspace       used 12545K, capacity 13084K, committed 13184K, reserved 1060864K
  class space    used 1746K, capacity 1917K, committed 1920K, reserved 1048576K
Event: 1.621 GC heap after
Heap after GC invocations=1 (full 0):
 PSYoungGen      total 36864K, used 4756K [0x00000000d7100000, 0x00000000db900000, 0x0000000100000000)
  eden space 31744K, 0% used [0x00000000d7100000,0x00000000d7100000,0x00000000d9000000)
  from space 5120K, 92% used [0x00000000d9000000,0x00000000d94a5278,0x00000000d9500000)
  to   space 5120K, 0% used [0x00000000db400000,0x00000000db400000,0x00000000db900000)
 ParOldGen       total 84992K, used 17586K [0x0000000085200000, 0x000000008a500000, 0x00000000d7100000)
  object space 84992K, 20% used [0x0000000085200000,0x000000008632c890,0x000000008a500000)
 Metaspace       used 12545K, capacity 13084K, committed 13184K, reserved 1060864K
  class space    used 1746K, capacity 1917K, committed 1920K, reserved 1048576K
}
Event: 2.775 GC heap before
{Heap before GC invocations=2 (full 0):
 PSYoungGen      total 36864K, used 36500K [0x00000000d7100000, 0x00000000db900000, 0x0000000100000000)
  eden space 31744K, 100% used [0x00000000d7100000,0x00000000d9000000,0x00000000d9000000)
  from space 5120K, 92% used [0x00000000d9000000,0x00000000d94a5278,0x00000000d9500000)
  to   space 5120K, 0% used [0x00000000db400000,0x00000000db400000,0x00000000db900000)
 ParOldGen       total 84992K, used 17586K [0x0000000085200000, 0x000000008a500000, 0x00000000d7100000)
  object space 84992K, 20% used [0x0000000085200000,0x000000008632c890,0x000000008a500000)
 Metaspace       used 17722K, capacity 18314K, committed 18432K, reserved 1064960K
  class space    used 2388K, capacity 2555K, committed 2560K, reserved 1048576K
Event: 2.784 GC heap after
Heap after GC invocations=2 (full 0):
 PSYoungGen      total 36864K, used 5105K [0x00000000d7100000, 0x00000000db900000, 0x0000000100000000)
  eden space 31744K, 0% used [0x00000000d7100000,0x00000000d7100000,0x00000000d9000000)
  from space 5120K, 99% used [0x00000000db400000,0x00000000db8fc510,0x00000000db900000)
  to   space 5120K, 0% used [0x00000000d9000000,0x00000000d9000000,0x00000000d9500000)
 ParOldGen       total 84992K, used 20259K [0x0000000085200000, 0x000000008a500000, 0x00000000d7100000)
  object space 84992K, 23% used [0x0000000085200000,0x00000000865c8e48,0x000000008a500000)
 Metaspace       used 17722K, capacity 18314K, committed 18432K, reserved 1064960K
  class space    used 2388K, capacity 2555K, committed 2560K, reserved 1048576K
}
Event: 3.998 GC heap before
{Heap before GC invocations=3 (full 0):
 PSYoungGen      total 36864K, used 17610K [0x00000000d7100000, 0x00000000db900000, 0x0000000100000000)
  eden space 31744K, 39% used [0x00000000d7100000,0x00000000d7d36678,0x00000000d9000000)
  from space 5120K, 99% used [0x00000000db400000,0x00000000db8fc510,0x00000000db900000)
  to   space 5120K, 0% used [0x00000000d9000000,0x00000000d9000000,0x00000000d9500000)
 ParOldGen       total 84992K, used 20259K [0x0000000085200000, 0x000000008a500000, 0x00000000d7100000)
  object space 84992K, 23% used [0x0000000085200000,0x00000000865c8e48,0x000000008a500000)
 Metaspace       used 20452K, capacity 21176K, committed 21248K, reserved 1067008K
  class space    used 2817K, capacity 3006K, committed 3072K, reserved 1048576K
Event: 4.006 GC heap after
Heap after GC invocations=3 (full 0):
 PSYoungGen      total 36864K, used 5116K [0x00000000d7100000, 0x00000000db480000, 0x0000000100000000)
  eden space 31744K, 0% used [0x00000000d7100000,0x00000000d7100000,0x00000000d9000000)
  from space 5120K, 99% used [0x00000000d9000000,0x00000000d94ff280,0x00000000d9500000)
  to   space 5120K, 0% used [0x00000000daf80000,0x00000000daf80000,0x00000000db480000)
 ParOldGen       total 84992K, used 23151K [0x0000000085200000, 0x000000008a500000, 0x00000000d7100000)
  object space 84992K, 27% used [0x0000000085200000,0x000000008689be78,0x000000008a500000)
 Metaspace       used 20452K, capacity 21176K, committed 21248K, reserved 1067008K
  class space    used 2817K, capacity 3006K, committed 3072K, reserved 1048576K
}
Event: 4.006 GC heap before
{Heap before GC invocations=4 (full 1):
 PSYoungGen      total 36864K, used 5116K [0x00000000d7100000, 0x00000000db480000, 0x0000000100000000)
  eden space 31744K, 0% used [0x00000000d7100000,0x00000000d7100000,0x00000000d9000000)
  from space 5120K, 99% used [0x00000000d9000000,0x00000000d94ff280,0x00000000d9500000)
  to   space 5120K, 0% used [0x00000000daf80000,0x00000000daf80000,0x00000000db480000)
 ParOldGen       total 84992K, used 23151K [0x0000000085200000, 0x000000008a500000, 0x00000000d7100000)
  object space 84992K, 27% used [0x0000000085200000,0x000000008689be78,0x000000008a500000)
 Metaspace       used 20452K, capacity 21176K, committed 21248K, reserved 1067008K
  class space    used 2817K, capacity 3006K, committed 3072K, reserved 1048576K
Event: 4.040 GC heap after
Heap after GC invocations=4 (full 1):
 PSYoungGen      total 36864K, used 0K [0x00000000d7100000, 0x00000000db480000, 0x0000000100000000)
  eden space 31744K, 0% used [0x00000000d7100000,0x00000000d7100000,0x00000000d9000000)
  from space 5120K, 0% used [0x00000000d9000000,0x00000000d9000000,0x00000000d9500000)
  to   space 5120K, 0% used [0x00000000daf80000,0x00000000daf80000,0x00000000db480000)
 ParOldGen       total 81920K, used 27074K [0x0000000085200000, 0x000000008a200000, 0x00000000d7100000)
  object space 81920K, 33% used [0x0000000085200000,0x0000000086c709a8,0x000000008a200000)
 Metaspace       used 20452K, capacity 21176K, committed 21248K, reserved 1067008K
  class space    used 2817K, capacity 3006K, committed 3072K, reserved 1048576K
}

