# JRE version: Java(TM) SE Runtime Environment (8.0_91-b14) (build 1.8.0_91-b14)
# Java VM: Java HotSpot(TM) 64-Bit Server VM (25.91-b14 mixed mode linux-amd64 compressed oops)
Heap:
 PSYoungGen      total 36864K, used 5085K [0x00000000d7100000, 0x00000000db900000, 0x0000000100000000)
  eden space 31744K, 16% used [0x00000000d7100000,0x00000000d75f76e8,0x00000000d9000000)
  from space 5120K, 0% used [0x00000000d9000000,0x00000000d9000000,0x00000000d9500000)
  to   space 5120K, 0% used [0x00000000db400000,0x00000000db400000,0x00000000db900000)
 ParOldGen       total 51712K, used 9363K [0x0000000085200000, 0x0000000088480000, 0x00000000d7100000)
  object space 51712K, 18% used [0x0000000085200000,0x0000000085b24ec8,0x0000000088480000)
 Metaspace       used 21702K, capacity 22488K, committed 22784K, reserved 1069056K
  class space    used 3038K, capacity 3224K, committed 3328K, reserved 1048576K
GC Heap History (8 events):
Event: 1.266 GC heap before
{Heap before GC invocations=1 (full 0):
 PSYoungGen      total 36864K, used 31744K [0x00000000d7100000, 0x00000000d9a00000, 0x0000000100000000)
  eden space 31744K, 100% used [0x00000000d7100000,0x00000000d9000000,0x00000000d9000000)
  from space 5120K, 0% used [0x00000000d9500000,0x00000000d9500000,0x00000000d9a00000)
  to   space 5120K, 0% used [0x00000000d9000000,0x00000000d9000000,0x00000000d9500000)
 ParOldGen       total 84992K, used 0K [0x0000000085200000, 0x000000008a500000, 0x00000000d7100000)
  object space 84992K, 0% used [0x0000000085200000,0x0000000085200000,0x000000008a500000)
 Metaspace       used 12974K, capacity 13576K, committed 13824K, reserved 1060864K
  class space    used 1791K, capacity 1998K, committed 2048K, reserved 1048576K
Event: 1.284 GC heap after
Heap after GC invocations=1 (full 0):
 PSYoungGen      total 36864K, used 4322K [0x00000000d7100000, 0x00000000db900000, 0x0000000100000000)
  eden space 31744K, 0% used [0x00000000d7100000,0x00000000d7100000,0x00000000d9000000)
  from space 5120K, 84% used [0x00000000d9000000,0x00000000d9438ac8,0x00000000d9500000)
  to   space 5120K, 0% used [0x00000000db400000,0x00000000db400000,0x00000000db900000)
 ParOldGen       total 84992K, used 8K [0x0000000085200000, 0x000000008a500000, 0x00000000d7100000)
  object space 84992K, 0% used [0x0000000085200000,0x0000000085202000,0x000000008a500000)
 Metaspace       used 12974K, capacity 13576K, committed 13824K, reserved 1060864K
  class space    used 1791K, capacity 1998K, committed 2048K, reserved 1048576K
}
Event: 5.252 GC heap before
{Heap before GC invocations=2 (full 0):
 PSYoungGen      total 36864K, used 36066K [0x00000000d7100000, 0x00000000db900000, 0x0000000100000000)
  eden space 31744K, 100% used [0x00000000d7100000,0x00000000d9000000,0x00000000d9000000)
  from space 5120K, 84% used [0x00000000d9000000,0x00000000d9438ac8,0x00000000d9500000)
  to   space 5120K, 0% used [0x00000000db400000,0x00000000db400000,0x00000000db900000)
 ParOldGen       total 84992K, used 8K [0x0000000085200000, 0x000000008a500000, 0x00000000d7100000)
  object space 84992K, 0% used [0x0000000085200000,0x0000000085202000,0x000000008a500000)
 Metaspace       used 20102K, capacity 20718K, committed 20864K, reserved 1067008K
  class space    used 2740K, capacity 2903K, committed 2944K, reserved 1048576K
Event: 5.264 GC heap after
Heap after GC invocations=2 (full 0):
 PSYoungGen      total 36864K, used 5104K [0x00000000d7100000, 0x00000000db900000, 0x0000000100000000)
  eden space 31744K, 0% used [0x00000000d7100000,0x00000000d7100000,0x00000000d9000000)
  from space 5120K, 99% used [0x00000000db400000,0x00000000db8fc050,0x00000000db900000)
  to   space 5120K, 0% used [0x00000000d9000000,0x00000000d9000000,0x00000000d9500000)
 ParOldGen       total 84992K, used 5630K [0x0000000085200000, 0x000000008a500000, 0x00000000d7100000)
  object space 84992K, 6% used [0x0000000085200000,0x000000008577f9c8,0x000000008a500000)
 Metaspace       used 20102K, capacity 20718K, committed 20864K, reserved 1067008K
  class space    used 2740K, capacity 2903K, committed 2944K, reserved 1048576K
}
Event: 5.296 GC heap before
{Heap before GC invocations=3 (full 0):
 PSYoungGen      total 36864K, used 6797K [0x00000000d7100000, 0x00000000db900000, 0x0000000100000000)
  eden space 31744K, 5% used [0x00000000d7100000,0x00000000d72a7618,0x00000000d9000000)
  from space 5120K, 99% used [0x00000000db400000,0x00000000db8fc050,0x00000000db900000)
  to   space 5120K, 0% used [0x00000000d9000000,0x00000000d9000000,0x00000000d9500000)
 ParOldGen       total 84992K, used 5630K [0x0000000085200000, 0x000000008a500000, 0x00000000d7100000)
  object space 84992K, 6% used [0x0000000085200000,0x000000008577f9c8,0x000000008a500000)
 Metaspace       used 20557K, capacity 21200K, committed 21296K, reserved 1067008K
  class space    used 2828K, capacity 3012K, committed 3072K, reserved 1048576K
Event: 5.301 GC heap after
Heap after GC invocations=3 (full 0):
 PSYoungGen      total 36864K, used 5104K [0x00000000d7100000, 0x00000000db900000, 0x0000000100000000)
  eden space 31744K, 0% used [0x00000000d7100000,0x00000000d7100000,0x00000000d9000000)
  from space 5120K, 99% used [0x00000000d9000000,0x00000000d94fc050,0x00000000d9500000)
  to   space 5120K, 0% used [0x00000000db400000,0x00000000db400000,0x00000000db900000)
 ParOldGen       total 84992K, used 5774K [0x0000000085200000, 0x000000008a500000, 0x00000000d7100000)
  object space 84992K, 6% used [0x0000000085200000,0x00000000857a39c8,0x000000008a500000)
 Metaspace       used 20557K, capacity 21200K, committed 21296K, reserved 1067008K
  class space    used 2828K, capacity 3012K, committed 3072K, reserved 1048576K
}
Event: 5.301 GC heap before
{Heap before GC invocations=4 (full 1):
 PSYoungGen      total 36864K, used 5104K [0x00000000d7100000, 0x00000000db900000, 0x0000000100000000)
  eden space 31744K, 0% used [0x00000000d7100000,0x00000000d7100000,0x00000000d9000000)
  from space 5120K, 99% used [0x00000000d9000000,0x00000000d94fc050,0x00000000d9500000)
  to   space 5120K, 0% used [0x00000000db400000,0x00000000db400000,0x00000000db900000)
 ParOldGen       total 84992K, used 5774K [0x0000000085200000, 0x000000008a500000, 0x00000000d7100000)
  object space 84992K, 6% used [0x0000000085200000,0x00000000857a39c8,0x000000008a500000)
 Metaspace       used 20557K, capacity 21200K, committed 21296K, reserved 1067008K
  class space    used 2828K, capacity 3012K, committed 3072K, reserved 1048576K
Event: 5.329 GC heap after
Heap after GC invocations=4 (full 1):
 PSYoungGen      total 36864K, used 0K [0x00000000d7100000, 0x00000000db900000, 0x0000000100000000)
  eden space 31744K, 0% used [0x00000000d7100000,0x00000000d7100000,0x00000000d9000000)
  from space 5120K, 0% used [0x00000000d9000000,0x00000000d9000000,0x00000000d9500000)
  to   space 5120K, 0% used [0x00000000db400000,0x00000000db400000,0x00000000db900000)
 ParOldGen       total 51712K, used 9363K [0x0000000085200000, 0x0000000088480000, 0x00000000d7100000)
  object space 51712K, 18% used [0x0000000085200000,0x0000000085b24ec8,0x0000000088480000)
 Metaspace       used 20557K, capacity 21200K, committed 21296K, reserved 1067008K
  class space    used 2828K, capacity 3012K, committed 3072K, reserved 1048576K
}

