# JRE version: Java(TM) SE Runtime Environment (8.0_91-b14) (build 1.8.0_91-b14)
# Java VM: Java HotSpot(TM) 64-Bit Server VM (25.91-b14 mixed mode linux-amd64 compressed oops)
Heap:
 PSYoungGen      total 36864K, used 5639K [0x00000000d7100000, 0x00000000db900000, 0x0000000100000000)
  eden space 31744K, 17% used [0x00000000d7100000,0x00000000d7681c10,0x00000000d9000000)
  from space 5120K, 0% used [0x00000000d9000000,0x00000000d9000000,0x00000000d9500000)
  to   space 5120K, 0% used [0x00000000db400000,0x00000000db400000,0x00000000db900000)
 ParOldGen       total 56320K, used 10601K [0x0000000085200000, 0x0000000088900000, 0x00000000d7100000)
  object space 56320K, 18% used [0x0000000085200000,0x0000000085c5a548,0x0000000088900000)
 Metaspace       used 21728K, capacity 22506K, committed 22784K, reserved 1069056K
  class space    used 3040K, capacity 3225K, committed 3328K, reserved 1048576K
GC Heap History (8 events):
Event: 1.165 GC heap before
{Heap before GC invocations=1 (full 0):
 PSYoungGen      total 36864K, used 31744K [0x00000000d7100000, 0x00000000d9a00000, 0x0000000100000000)
  eden space 31744K, 100% used [0x00000000d7100000,0x00000000d9000000,0x00000000d9000000)
  from space 5120K, 0% used [0x00000000d9500000,0x00000000d9500000,0x00000000d9a00000)
  to   space 5120K, 0% used [0x00000000d9000000,0x00000000d9000000,0x00000000d9500000)
 ParOldGen       total 84992K, used 0K [0x0000000085200000, 0x000000008a500000, 0x00000000d7100000)
  object space 84992K, 0% used [0x0000000085200000,0x0000000085200000,0x000000008a500000)
 Metaspace       used 12895K, capacity 13508K, committed 13568K, reserved 1060864K
  class space    used 1783K, capacity 1996K, committed 2048K, reserved 1048576K
Event: 1.177 GC heap after
Heap after GC invocations=1 (full 0):
 PSYoungGen      total 36864K, used 4368K [0x00000000d7100000, 0x00000000db900000, 0x0000000100000000)
  eden space 31744K, 0% used [0x00000000d7100000,0x00000000d7100000,0x00000000d9000000)
  from space 5120K, 85% used [0x00000000d9000000,0x00000000d9444048,0x00000000d9500000)
  to   space 5120K, 0% used [0x00000000db400000,0x00000000db400000,0x00000000db900000)
 ParOldGen       total 84992K, used 8K [0x0000000085200000, 0x000000008a500000, 0x00000000d7100000)
  object space 84992K, 0% used [0x0000000085200000,0x0000000085202000,0x000000008a500000)
 Metaspace       used 12895K, capacity 13508K, committed 13568K, reserved 1060864K
  class space    used 1783K, capacity 1996K, committed 2048K, reserved 1048576K
}
Event: 5.069 GC heap before
{Heap before GC invocations=2 (full 0):
 PSYoungGen      total 36864K, used 36112K [0x00000000d7100000, 0x00000000db900000, 0x0000000100000000)
  eden space 31744K, 100% used [0x00000000d7100000,0x00000000d9000000,0x00000000d9000000)
  from space 5120K, 85% used [0x00000000d9000000,0x00000000d9444048,0x00000000d9500000)
  to   space 5120K, 0% used [0x00000000db400000,0x00000000db400000,0x00000000db900000)
 ParOldGen       total 84992K, used 8K [0x0000000085200000, 0x000000008a500000, 0x00000000d7100000)
  object space 84992K, 0% used [0x0000000085200000,0x0000000085202000,0x000000008a500000)
 Metaspace       used 20037K, capacity 20726K, committed 20864K, reserved 1067008K
  class space    used 2737K, capacity 2903K, committed 2944K, reserved 1048576K
Event: 5.081 GC heap after
Heap after GC invocations=2 (full 0):
 PSYoungGen      total 36864K, used 5104K [0x00000000d7100000, 0x00000000db900000, 0x0000000100000000)
  eden space 31744K, 0% used [0x00000000d7100000,0x00000000d7100000,0x00000000d9000000)
  from space 5120K, 99% used [0x00000000db400000,0x00000000db8fc088,0x00000000db900000)
  to   space 5120K, 0% used [0x00000000d9000000,0x00000000d9000000,0x00000000d9500000)
 ParOldGen       total 84992K, used 5533K [0x0000000085200000, 0x000000008a500000, 0x00000000d7100000)
  object space 84992K, 6% used [0x0000000085200000,0x00000000857675c0,0x000000008a500000)
 Metaspace       used 20037K, capacity 20726K, committed 20864K, reserved 1067008K
  class space    used 2737K, capacity 2903K, committed 2944K, reserved 1048576K
}
Event: 5.124 GC heap before
{Heap before GC invocations=3 (full 0):
 PSYoungGen      total 36864K, used 7221K [0x00000000d7100000, 0x00000000db900000, 0x0000000100000000)
  eden space 31744K, 6% used [0x00000000d7100000,0x00000000d7311670,0x00000000d9000000)
  from space 5120K, 99% used [0x00000000db400000,0x00000000db8fc088,0x00000000db900000)
  to   space 5120K, 0% used [0x00000000d9000000,0x00000000d9000000,0x00000000d9500000)
 ParOldGen       total 84992K, used 5533K [0x0000000085200000, 0x000000008a500000, 0x00000000d7100000)
  object space 84992K, 6% used [0x0000000085200000,0x00000000857675c0,0x000000008a500000)
 Metaspace       used 20545K, capacity 21218K, committed 21296K, reserved 1067008K
  class space    used 2833K, capacity 3013K, committed 3072K, reserved 1048576K
Event: 5.128 GC heap after
Heap after GC invocations=3 (full 0):
 PSYoungGen      total 36864K, used 5104K [0x00000000d7100000, 0x00000000db900000, 0x0000000100000000)
  eden space 31744K, 0% used [0x00000000d7100000,0x00000000d7100000,0x00000000d9000000)
  from space 5120K, 99% used [0x00000000d9000000,0x00000000d94fc068,0x00000000d9500000)
  to   space 5120K, 0% used [0x00000000db400000,0x00000000db400000,0x00000000db900000)
 ParOldGen       total 84992K, used 5805K [0x0000000085200000, 0x000000008a500000, 0x00000000d7100000)
  object space 84992K, 6% used [0x0000000085200000,0x00000000857ab5c0,0x000000008a500000)
 Metaspace       used 20545K, capacity 21218K, committed 21296K, reserved 1067008K
  class space    used 2833K, capacity 3013K, committed 3072K, reserved 1048576K
}
Event: 5.128 GC heap before
{Heap before GC invocations=4 (full 1):
 PSYoungGen      total 36864K, used 5104K [0x00000000d7100000, 0x00000000db900000, 0x0000000100000000)
  eden space 31744K, 0% used [0x00000000d7100000,0x00000000d7100000,0x00000000d9000000)
  from space 5120K, 99% used [0x00000000d9000000,0x00000000d94fc068,0x00000000d9500000)
  to   space 5120K, 0% used [0x00000000db400000,0x00000000db400000,0x00000000db900000)
 ParOldGen       total 84992K, used 5805K [0x0000000085200000, 0x000000008a500000, 0x00000000d7100000)
  object space 84992K, 6% used [0x0000000085200000,0x00000000857ab5c0,0x000000008a500000)
 Metaspace       used 20545K, capacity 21218K, committed 21296K, reserved 1067008K
  class space    used 2833K, capacity 3013K, committed 3072K, reserved 1048576K
Event: 5.176 GC heap after
Heap after GC invocations=4 (full 1):
 PSYoungGen      total 36864K, used 0K [0x00000000d7100000, 0x00000000db900000, 0x0000000100000000)
  eden space 31744K, 0% used [0x00000000d7100000,0x00000000d7100000,0x00000000d9000000)
  from space 5120K, 0% used [0x00000000d9000000,0x00000000d9000000,0x00000000d9500000)
  to   space 5120K, 0% used [0x00000000db400000,0x00000000db400000,0x00000000db900000)
 ParOldGen       total 56320K, used 10601K [0x0000000085200000, 0x0000000088900000, 0x00000000d7100000)
  object space 56320K, 18% used [0x0000000085200000,0x0000000085c5a548,0x0000000088900000)
 Metaspace       used 20545K, capacity 21218K, committed 21296K, reserved 1067008K
  class space    used 2833K, capacity 3013K, committed 3072K, reserved 1048576K
}

